This is pdfTeX, Version 3.1415926-2.4-1.40.13 (TeX Live 2012) (format=pdflatex 2013.4.4)  24 FEB 2015 15:36
entering extended mode
 restricted \write18 enabled.
 %&-line parsing enabled.
**presentationPython.tex
(./presentationPython.tex
LaTeX2e <2011/06/27>
Babel <v3.8m> and hyphenation patterns for english, dumylang, nohyphenation, ge
rman-x-2012-05-30, ngerman-x-2012-05-30, afrikaans, ancientgreek, ibycus, arabi
c, armenian, basque, bulgarian, catalan, pinyin, coptic, croatian, czech, danis
h, dutch, ukenglish, usenglishmax, esperanto, estonian, ethiopic, farsi, finnis
h, french, friulan, galician, german, ngerman, swissgerman, monogreek, greek, h
ungarian, icelandic, assamese, bengali, gujarati, hindi, kannada, malayalam, ma
rathi, oriya, panjabi, tamil, telugu, indonesian, interlingua, irish, italian, 
kurmanji, latin, latvian, lithuanian, mongolian, mongolianlmc, bokmal, nynorsk,
 polish, portuguese, romanian, romansh, russian, sanskrit, serbian, serbianc, s
lovak, slovenian, spanish, swedish, turkish, turkmen, ukrainian, uppersorbian, 
welsh, loaded.
(/usr/local/texlive/2012/texmf-dist/tex/latex/beamer/beamer.cls
(/usr/local/texlive/2012/texmf-dist/tex/latex/beamer/beamerbasercs.sty
Package: beamerbasercs 2012/06/01 (rcs-revision 352157baec3a)
)
Document Class: beamer 2011/09/12 development version 3.20 A class for typesett
ing presentations (rcs-revision 70f9d8411e54)
(/usr/local/texlive/2012/texmf-dist/tex/latex/beamer/beamerbasemodes.sty
Package: beamerbasemodes 2012/04/15 (rcs-revision cc6557182d97)
\beamer@tempbox=\box26
\beamer@tempcount=\count79
\c@beamerpauses=\count80

(/usr/local/texlive/2012/texmf-dist/tex/latex/beamer/beamerbasedecode.sty
Package: beamerbasedecode 2010/05/01 (rcs-revision efa082c6111d)
\beamer@slideinframe=\count81
\beamer@minimum=\count82
)
\beamer@commentbox=\box27
\beamer@modecount=\count83
)
(/usr/local/texlive/2012/texmf-dist/tex/generic/oberdiek/ifpdf.sty
Package: ifpdf 2011/01/30 v2.3 Provides the ifpdf switch (HO)
Package ifpdf Info: pdfTeX in PDF mode is detected.
)
\headheight=\dimen102
\headdp=\dimen103
\footheight=\dimen104
\sidebarheight=\dimen105
\beamer@tempdim=\dimen106
\beamer@finalheight=\dimen107
\beamer@animht=\dimen108
\beamer@animdp=\dimen109
\beamer@animwd=\dimen110
\beamer@leftmargin=\dimen111
\beamer@rightmargin=\dimen112
\beamer@leftsidebar=\dimen113
\beamer@rightsidebar=\dimen114
\beamer@boxsize=\dimen115
\beamer@vboxoffset=\dimen116
\beamer@descdefault=\dimen117
\beamer@descriptionwidth=\dimen118
\beamer@lastskip=\skip41
\beamer@areabox=\box28
\beamer@animcurrent=\box29
\beamer@animshowbox=\box30
\beamer@sectionbox=\box31
\beamer@logobox=\box32
\beamer@linebox=\box33
\beamer@sectioncount=\count84
\beamer@subsubsectionmax=\count85
\beamer@subsectionmax=\count86
\beamer@sectionmax=\count87
\beamer@totalheads=\count88
\beamer@headcounter=\count89
\beamer@partstartpage=\count90
\beamer@sectionstartpage=\count91
\beamer@subsectionstartpage=\count92
\beamer@animationtempa=\count93
\beamer@animationtempb=\count94
\beamer@xpos=\count95
\beamer@ypos=\count96
\beamer@showpartnumber=\count97
\beamer@currentsubsection=\count98
\beamer@coveringdepth=\count99
\beamer@sectionadjust=\count100
\beamer@tocsectionnumber=\count101

(/usr/local/texlive/2012/texmf-dist/tex/latex/beamer/beamerbaseoptions.sty
Package: beamerbaseoptions 2010/04/27 (rcs-revision 982469101dd6)

(/usr/local/texlive/2012/texmf-dist/tex/latex/graphics/keyval.sty
Package: keyval 1999/03/16 v1.13 key=value parser (DPC)
\KV@toks@=\toks14
))
\beamer@paperwidth=\skip42
\beamer@paperheight=\skip43

(/usr/local/texlive/2012/texmf-dist/tex/latex/geometry/geometry.sty
Package: geometry 2010/09/12 v5.6 Page Geometry

(/usr/local/texlive/2012/texmf-dist/tex/generic/oberdiek/ifvtex.sty
Package: ifvtex 2010/03/01 v1.5 Detect VTeX and its facilities (HO)
Package ifvtex Info: VTeX not detected.
)
(/usr/local/texlive/2012/texmf-dist/tex/generic/ifxetex/ifxetex.sty
Package: ifxetex 2010/09/12 v0.6 Provides ifxetex conditional
)
\Gm@cnth=\count102
\Gm@cntv=\count103
\c@Gm@tempcnt=\count104
\Gm@bindingoffset=\dimen119
\Gm@wd@mp=\dimen120
\Gm@odd@mp=\dimen121
\Gm@even@mp=\dimen122
\Gm@layoutwidth=\dimen123
\Gm@layoutheight=\dimen124
\Gm@layouthoffset=\dimen125
\Gm@layoutvoffset=\dimen126
\Gm@dimlist=\toks15
)
(/usr/local/texlive/2012/texmf-dist/tex/latex/base/size11.clo
File: size11.clo 2007/10/19 v1.4h Standard LaTeX file (size option)
)
(/usr/local/texlive/2012/texmf-dist/tex/latex/pgf/basiclayer/pgfcore.sty
(/usr/local/texlive/2012/texmf-dist/tex/latex/graphics/graphicx.sty
Package: graphicx 1999/02/16 v1.0f Enhanced LaTeX Graphics (DPC,SPQR)

(/usr/local/texlive/2012/texmf-dist/tex/latex/graphics/graphics.sty
Package: graphics 2009/02/05 v1.0o Standard LaTeX Graphics (DPC,SPQR)

(/usr/local/texlive/2012/texmf-dist/tex/latex/graphics/trig.sty
Package: trig 1999/03/16 v1.09 sin cos tan (DPC)
)
(/usr/local/texlive/2012/texmf-dist/tex/latex/latexconfig/graphics.cfg
File: graphics.cfg 2010/04/23 v1.9 graphics configuration of TeX Live
)
Package graphics Info: Driver file: pdftex.def on input line 91.

(/usr/local/texlive/2012/texmf-dist/tex/latex/pdftex-def/pdftex.def
File: pdftex.def 2011/05/27 v0.06d Graphics/color for pdfTeX

(/usr/local/texlive/2012/texmf-dist/tex/generic/oberdiek/infwarerr.sty
Package: infwarerr 2010/04/08 v1.3 Providing info/warning/error messages (HO)
)
(/usr/local/texlive/2012/texmf-dist/tex/generic/oberdiek/ltxcmds.sty
Package: ltxcmds 2011/11/09 v1.22 LaTeX kernel commands for general use (HO)
)
\Gread@gobject=\count105
))
\Gin@req@height=\dimen127
\Gin@req@width=\dimen128
)
(/usr/local/texlive/2012/texmf-dist/tex/latex/pgf/systemlayer/pgfsys.sty
(/usr/local/texlive/2012/texmf-dist/tex/latex/pgf/utilities/pgfrcs.sty
(/usr/local/texlive/2012/texmf-dist/tex/generic/pgf/utilities/pgfutil-common.te
x
\pgfutil@everybye=\toks16
)
(/usr/local/texlive/2012/texmf-dist/tex/generic/pgf/utilities/pgfutil-latex.def
\pgfutil@abb=\box34
(/usr/local/texlive/2012/texmf-dist/tex/latex/ms/everyshi.sty
Package: everyshi 2001/05/15 v3.00 EveryShipout Package (MS)
))
(/usr/local/texlive/2012/texmf-dist/tex/generic/pgf/utilities/pgfrcs.code.tex
Package: pgfrcs 2010/10/25 v2.10 (rcs-revision 1.24)
))
(/usr/local/texlive/2012/texmf-dist/tex/generic/pgf/systemlayer/pgfsys.code.tex
Package: pgfsys 2010/06/30 v2.10 (rcs-revision 1.37)
(/usr/local/texlive/2012/texmf-dist/tex/generic/pgf/utilities/pgfkeys.code.tex
\pgfkeys@pathtoks=\toks17
\pgfkeys@temptoks=\toks18

(/usr/local/texlive/2012/texmf-dist/tex/generic/pgf/utilities/pgfkeysfiltered.c
ode.tex
\pgfkeys@tmptoks=\toks19
))
\pgf@x=\dimen129
\pgf@y=\dimen130
\pgf@xa=\dimen131
\pgf@ya=\dimen132
\pgf@xb=\dimen133
\pgf@yb=\dimen134
\pgf@xc=\dimen135
\pgf@yc=\dimen136
\w@pgf@writea=\write3
\r@pgf@reada=\read1
\c@pgf@counta=\count106
\c@pgf@countb=\count107
\c@pgf@countc=\count108
\c@pgf@countd=\count109

(/usr/local/texlive/2012/texmf-dist/tex/generic/pgf/systemlayer/pgf.cfg
File: pgf.cfg 2008/05/14  (rcs-revision 1.7)
)
Package pgfsys Info: Driver file for pgf: pgfsys-pdftex.def on input line 900.

(/usr/local/texlive/2012/texmf-dist/tex/generic/pgf/systemlayer/pgfsys-pdftex.d
ef
File: pgfsys-pdftex.def 2009/05/22  (rcs-revision 1.26)

(/usr/local/texlive/2012/texmf-dist/tex/generic/pgf/systemlayer/pgfsys-common-p
df.def
File: pgfsys-common-pdf.def 2008/05/19  (rcs-revision 1.10)
)))
(/usr/local/texlive/2012/texmf-dist/tex/generic/pgf/systemlayer/pgfsyssoftpath.
code.tex
File: pgfsyssoftpath.code.tex 2008/07/18  (rcs-revision 1.7)
\pgfsyssoftpath@smallbuffer@items=\count110
\pgfsyssoftpath@bigbuffer@items=\count111
)
(/usr/local/texlive/2012/texmf-dist/tex/generic/pgf/systemlayer/pgfsysprotocol.
code.tex
File: pgfsysprotocol.code.tex 2006/10/16  (rcs-revision 1.4)
)) (/usr/local/texlive/2012/texmf-dist/tex/latex/xcolor/xcolor.sty
Package: xcolor 2007/01/21 v2.11 LaTeX color extensions (UK)

(/usr/local/texlive/2012/texmf-dist/tex/latex/latexconfig/color.cfg
File: color.cfg 2007/01/18 v1.5 color configuration of teTeX/TeXLive
)
Package xcolor Info: Driver file: pdftex.def on input line 225.
Package xcolor Info: Model `cmy' substituted by `cmy0' on input line 1337.
Package xcolor Info: Model `hsb' substituted by `rgb' on input line 1341.
Package xcolor Info: Model `RGB' extended on input line 1353.
Package xcolor Info: Model `HTML' substituted by `rgb' on input line 1355.
Package xcolor Info: Model `Hsb' substituted by `hsb' on input line 1356.
Package xcolor Info: Model `tHsb' substituted by `hsb' on input line 1357.
Package xcolor Info: Model `HSB' substituted by `hsb' on input line 1358.
Package xcolor Info: Model `Gray' substituted by `gray' on input line 1359.
Package xcolor Info: Model `wave' substituted by `hsb' on input line 1360.
)
(/usr/local/texlive/2012/texmf-dist/tex/generic/pgf/basiclayer/pgfcore.code.tex
Package: pgfcore 2010/04/11 v2.10 (rcs-revision 1.7)
(/usr/local/texlive/2012/texmf-dist/tex/generic/pgf/math/pgfmath.code.tex
(/usr/local/texlive/2012/texmf-dist/tex/generic/pgf/math/pgfmathcalc.code.tex
(/usr/local/texlive/2012/texmf-dist/tex/generic/pgf/math/pgfmathutil.code.tex)
(/usr/local/texlive/2012/texmf-dist/tex/generic/pgf/math/pgfmathparser.code.tex
\pgfmath@dimen=\dimen137
\pgfmath@count=\count112
\pgfmath@box=\box35
\pgfmath@toks=\toks20
\pgfmath@stack@operand=\toks21
\pgfmath@stack@operation=\toks22
)
(/usr/local/texlive/2012/texmf-dist/tex/generic/pgf/math/pgfmathfunctions.code.
tex
(/usr/local/texlive/2012/texmf-dist/tex/generic/pgf/math/pgfmathfunctions.basic
.code.tex)
(/usr/local/texlive/2012/texmf-dist/tex/generic/pgf/math/pgfmathfunctions.trigo
nometric.code.tex)
(/usr/local/texlive/2012/texmf-dist/tex/generic/pgf/math/pgfmathfunctions.rando
m.code.tex)
(/usr/local/texlive/2012/texmf-dist/tex/generic/pgf/math/pgfmathfunctions.compa
rison.code.tex)
(/usr/local/texlive/2012/texmf-dist/tex/generic/pgf/math/pgfmathfunctions.base.
code.tex)
(/usr/local/texlive/2012/texmf-dist/tex/generic/pgf/math/pgfmathfunctions.round
.code.tex)
(/usr/local/texlive/2012/texmf-dist/tex/generic/pgf/math/pgfmathfunctions.misc.
code.tex)))
(/usr/local/texlive/2012/texmf-dist/tex/generic/pgf/math/pgfmathfloat.code.tex
\c@pgfmathroundto@lastzeros=\count113
))
(/usr/local/texlive/2012/texmf-dist/tex/generic/pgf/basiclayer/pgfcorepoints.co
de.tex
File: pgfcorepoints.code.tex 2010/04/09  (rcs-revision 1.20)
\pgf@picminx=\dimen138
\pgf@picmaxx=\dimen139
\pgf@picminy=\dimen140
\pgf@picmaxy=\dimen141
\pgf@pathminx=\dimen142
\pgf@pathmaxx=\dimen143
\pgf@pathminy=\dimen144
\pgf@pathmaxy=\dimen145
\pgf@xx=\dimen146
\pgf@xy=\dimen147
\pgf@yx=\dimen148
\pgf@yy=\dimen149
\pgf@zx=\dimen150
\pgf@zy=\dimen151
)
(/usr/local/texlive/2012/texmf-dist/tex/generic/pgf/basiclayer/pgfcorepathconst
ruct.code.tex
File: pgfcorepathconstruct.code.tex 2010/08/03  (rcs-revision 1.24)
\pgf@path@lastx=\dimen152
\pgf@path@lasty=\dimen153
)
(/usr/local/texlive/2012/texmf-dist/tex/generic/pgf/basiclayer/pgfcorepathusage
.code.tex
File: pgfcorepathusage.code.tex 2008/04/22  (rcs-revision 1.12)
\pgf@shorten@end@additional=\dimen154
\pgf@shorten@start@additional=\dimen155
)
(/usr/local/texlive/2012/texmf-dist/tex/generic/pgf/basiclayer/pgfcorescopes.co
de.tex
File: pgfcorescopes.code.tex 2010/09/08  (rcs-revision 1.34)
\pgfpic=\box36
\pgf@hbox=\box37
\pgf@layerbox@main=\box38
\pgf@picture@serial@count=\count114
)
(/usr/local/texlive/2012/texmf-dist/tex/generic/pgf/basiclayer/pgfcoregraphicst
ate.code.tex
File: pgfcoregraphicstate.code.tex 2008/04/22  (rcs-revision 1.9)
\pgflinewidth=\dimen156
)
(/usr/local/texlive/2012/texmf-dist/tex/generic/pgf/basiclayer/pgfcoretransform
ations.code.tex
File: pgfcoretransformations.code.tex 2009/06/10  (rcs-revision 1.11)
\pgf@pt@x=\dimen157
\pgf@pt@y=\dimen158
\pgf@pt@temp=\dimen159
)
(/usr/local/texlive/2012/texmf-dist/tex/generic/pgf/basiclayer/pgfcorequick.cod
e.tex
File: pgfcorequick.code.tex 2008/10/09  (rcs-revision 1.3)
)
(/usr/local/texlive/2012/texmf-dist/tex/generic/pgf/basiclayer/pgfcoreobjects.c
ode.tex
File: pgfcoreobjects.code.tex 2006/10/11  (rcs-revision 1.2)
)
(/usr/local/texlive/2012/texmf-dist/tex/generic/pgf/basiclayer/pgfcorepathproce
ssing.code.tex
File: pgfcorepathprocessing.code.tex 2008/10/09  (rcs-revision 1.8)
)
(/usr/local/texlive/2012/texmf-dist/tex/generic/pgf/basiclayer/pgfcorearrows.co
de.tex
File: pgfcorearrows.code.tex 2008/04/23  (rcs-revision 1.11)
)
(/usr/local/texlive/2012/texmf-dist/tex/generic/pgf/basiclayer/pgfcoreshade.cod
e.tex
File: pgfcoreshade.code.tex 2008/11/23  (rcs-revision 1.13)
\pgf@max=\dimen160
\pgf@sys@shading@range@num=\count115
)
(/usr/local/texlive/2012/texmf-dist/tex/generic/pgf/basiclayer/pgfcoreimage.cod
e.tex
File: pgfcoreimage.code.tex 2010/03/25  (rcs-revision 1.16)

(/usr/local/texlive/2012/texmf-dist/tex/generic/pgf/basiclayer/pgfcoreexternal.
code.tex
File: pgfcoreexternal.code.tex 2010/09/01  (rcs-revision 1.17)
\pgfexternal@startupbox=\box39
))
(/usr/local/texlive/2012/texmf-dist/tex/generic/pgf/basiclayer/pgfcorelayers.co
de.tex
File: pgfcorelayers.code.tex 2010/08/27  (rcs-revision 1.2)
)
(/usr/local/texlive/2012/texmf-dist/tex/generic/pgf/basiclayer/pgfcoretranspare
ncy.code.tex
File: pgfcoretransparency.code.tex 2008/01/17  (rcs-revision 1.2)
)
(/usr/local/texlive/2012/texmf-dist/tex/generic/pgf/basiclayer/pgfcorepatterns.
code.tex
File: pgfcorepatterns.code.tex 2009/07/02  (rcs-revision 1.3)
)))
(/usr/local/texlive/2012/texmf-dist/tex/latex/pgf/utilities/xxcolor.sty
Package: xxcolor 2003/10/24 ver 0.1
\XC@nummixins=\count116
\XC@countmixins=\count117
)
(/usr/local/texlive/2012/texmf-dist/tex/latex/hyperref/hyperref.sty
Package: hyperref 2012/05/13 v6.82q Hypertext links for LaTeX

(/usr/local/texlive/2012/texmf-dist/tex/generic/oberdiek/hobsub-hyperref.sty
Package: hobsub-hyperref 2012/05/28 v1.13 Bundle oberdiek, subset hyperref (HO)


(/usr/local/texlive/2012/texmf-dist/tex/generic/oberdiek/hobsub-generic.sty
Package: hobsub-generic 2012/05/28 v1.13 Bundle oberdiek, subset generic (HO)
Package: hobsub 2012/05/28 v1.13 Construct package bundles (HO)
Package hobsub Info: Skipping package `infwarerr' (already loaded).
Package hobsub Info: Skipping package `ltxcmds' (already loaded).
Package: ifluatex 2010/03/01 v1.3 Provides the ifluatex switch (HO)
Package ifluatex Info: LuaTeX not detected.
Package hobsub Info: Skipping package `ifvtex' (already loaded).
Package: intcalc 2007/09/27 v1.1 Expandable calculations with integers (HO)
Package hobsub Info: Skipping package `ifpdf' (already loaded).
Package: etexcmds 2011/02/16 v1.5 Avoid name clashes with e-TeX commands (HO)
Package etexcmds Info: Could not find \expanded.
(etexcmds)             That can mean that you are not using pdfTeX 1.50 or
(etexcmds)             that some package has redefined \expanded.
(etexcmds)             In the latter case, load this package earlier.
Package: kvsetkeys 2012/04/25 v1.16 Key value parser (HO)
Package: kvdefinekeys 2011/04/07 v1.3 Define keys (HO)
Package: pdftexcmds 2011/11/29 v0.20 Utility functions of pdfTeX for LuaTeX (HO
)
Package pdftexcmds Info: LuaTeX not detected.
Package pdftexcmds Info: \pdf@primitive is available.
Package pdftexcmds Info: \pdf@ifprimitive is available.
Package pdftexcmds Info: \pdfdraftmode found.
Package: pdfescape 2011/11/25 v1.13 Implements pdfTeX's escape features (HO)
Package: bigintcalc 2012/04/08 v1.3 Expandable calculations on big integers (HO
)
Package: bitset 2011/01/30 v1.1 Handle bit-vector datatype (HO)
Package: uniquecounter 2011/01/30 v1.2 Provide unlimited unique counter (HO)
)
Package hobsub Info: Skipping package `hobsub' (already loaded).
Package: letltxmacro 2010/09/02 v1.4 Let assignment for LaTeX macros (HO)
Package: hopatch 2012/05/28 v1.2 Wrapper for package hooks (HO)
Package: xcolor-patch 2011/01/30 xcolor patch
Package: atveryend 2011/06/30 v1.8 Hooks at the very end of document (HO)
Package atveryend Info: \enddocument detected (standard20110627).
Package: atbegshi 2011/10/05 v1.16 At begin shipout hook (HO)
Package: refcount 2011/10/16 v3.4 Data extraction from label references (HO)
Package: hycolor 2011/01/30 v1.7 Color options for hyperref/bookmark (HO)
)
(/usr/local/texlive/2012/texmf-dist/tex/latex/oberdiek/kvoptions.sty
Package: kvoptions 2011/06/30 v3.11 Key value format for package options (HO)
)
\@linkdim=\dimen161
\Hy@linkcounter=\count118
\Hy@pagecounter=\count119

(/usr/local/texlive/2012/texmf-dist/tex/latex/hyperref/pd1enc.def
File: pd1enc.def 2012/05/13 v6.82q Hyperref: PDFDocEncoding definition (HO)
)
\Hy@SavedSpaceFactor=\count120

(/usr/local/texlive/2012/texmf-dist/tex/latex/latexconfig/hyperref.cfg
File: hyperref.cfg 2002/06/06 v1.2 hyperref configuration of TeXLive
)
Package hyperref Info: Option `bookmarks' set `true' on input line 3941.
Package hyperref Info: Option `bookmarksopen' set `true' on input line 3941.
Package hyperref Info: Option `implicit' set `false' on input line 3941.
Package hyperref Info: Hyper figures OFF on input line 4062.
Package hyperref Info: Link nesting OFF on input line 4067.
Package hyperref Info: Hyper index ON on input line 4070.
Package hyperref Info: Plain pages OFF on input line 4077.
Package hyperref Info: Backreferencing OFF on input line 4082.
Package hyperref Info: Implicit mode OFF; no redefinition of LaTeX internals.
Package hyperref Info: Bookmarks ON on input line 4300.
\c@Hy@tempcnt=\count121

(/usr/local/texlive/2012/texmf-dist/tex/latex/url/url.sty
\Urlmuskip=\muskip10
Package: url 2006/04/12  ver 3.3  Verb mode for urls, etc.
)
LaTeX Info: Redefining \url on input line 4653.
\Fld@menulength=\count122
\Field@Width=\dimen162
\Fld@charsize=\dimen163
Package hyperref Info: Hyper figures OFF on input line 5773.
Package hyperref Info: Link nesting OFF on input line 5778.
Package hyperref Info: Hyper index ON on input line 5781.
Package hyperref Info: backreferencing OFF on input line 5788.
Package hyperref Info: Link coloring OFF on input line 5793.
Package hyperref Info: Link coloring with OCG OFF on input line 5798.
Package hyperref Info: PDF/A mode OFF on input line 5803.
LaTeX Info: Redefining \ref on input line 5843.
LaTeX Info: Redefining \pageref on input line 5847.
\Hy@abspage=\count123


Package hyperref Message: Stopped early.

)

Package hyperref Message: Driver (autodetected): hpdftex.

(/usr/local/texlive/2012/texmf-dist/tex/latex/hyperref/hpdftex.def
File: hpdftex.def 2012/05/13 v6.82q Hyperref driver for pdfTeX
\Fld@listcount=\count124
\c@bookmark@seq@number=\count125

(/usr/local/texlive/2012/texmf-dist/tex/latex/oberdiek/rerunfilecheck.sty
Package: rerunfilecheck 2011/04/15 v1.7 Rerun checks for auxiliary files (HO)
Package uniquecounter Info: New unique counter `rerunfilecheck' on input line 2
82.
))
(/usr/local/texlive/2012/texmf-dist/tex/latex/beamer/beamerbaserequires.sty
Package: beamerbaserequires 2010/05/01  (rcs-revision efa082c6111d)

(/usr/local/texlive/2012/texmf-dist/tex/latex/beamer/beamerbasecompatibility.st
y
Package: beamerbasecompatibility 2012/05/01  (rcs-revision 67c48b3b652d)
) (/usr/local/texlive/2012/texmf-dist/tex/latex/beamer/beamerbasefont.sty
Package: beamerbasefont 2012/05/10  (rcs-revision a0b4f9f91ee9)

(/usr/local/texlive/2012/texmf-dist/tex/latex/amsfonts/amssymb.sty
Package: amssymb 2009/06/22 v3.00

(/usr/local/texlive/2012/texmf-dist/tex/latex/amsfonts/amsfonts.sty
Package: amsfonts 2009/06/22 v3.00 Basic AMSFonts support
\@emptytoks=\toks23
\symAMSa=\mathgroup4
\symAMSb=\mathgroup5
LaTeX Font Info:    Overwriting math alphabet `\mathfrak' in version `bold'
(Font)                  U/euf/m/n --> U/euf/b/n on input line 96.
))
(/usr/local/texlive/2012/texmf-dist/tex/latex/sansmathaccent/sansmathaccent.sty
Package: sansmathaccent 2012/04/26
))
(/usr/local/texlive/2012/texmf-dist/tex/latex/beamer/beamerbasetranslator.sty
Package: beamerbasetranslator 2010/06/11  (rcs-revision 85fd1cc7fc42)

(/usr/local/texlive/2012/texmf-dist/tex/latex/beamer/translator/translator.sty
Package: translator 2010/06/12 ver 1.10

(/usr/local/texlive/2012/texmf-dist/tex/latex/beamer/translator/translator-lang
uage-mappings.tex)))
(/usr/local/texlive/2012/texmf-dist/tex/latex/beamer/beamerbasemisc.sty
Package: beamerbasemisc 2012/02/24  (rcs-revision 2ff5461be705)
)
(/usr/local/texlive/2012/texmf-dist/tex/latex/beamer/beamerbasetwoscreens.sty
Package: beamerbasetwoscreens 2010/05/01  (rcs-revision efa082c6111d)
)
(/usr/local/texlive/2012/texmf-dist/tex/latex/beamer/beamerbaseoverlay.sty
Package: beamerbaseoverlay 2012/04/03  (rcs-revision 45744d9ae88b)
\beamer@argscount=\count126
\beamer@lastskipcover=\skip44
\beamer@trivlistdepth=\count127
)
(/usr/local/texlive/2012/texmf-dist/tex/latex/beamer/beamerbasetitle.sty
Package: beamerbasetitle 2010/09/21  (rcs-revision f0446ed0b6ae)
)
(/usr/local/texlive/2012/texmf-dist/tex/latex/beamer/beamerbasesection.sty
Package: beamerbasesection 2012/05/30  (rcs-revision 22ff49def670)
\c@lecture=\count128
\c@part=\count129
\c@section=\count130
\c@subsection=\count131
\c@subsubsection=\count132
)
(/usr/local/texlive/2012/texmf-dist/tex/latex/beamer/beamerbaseframe.sty
Package: beamerbaseframe 2012/05/31  (rcs-revision 5fc3b3dbfeba)
\beamer@framebox=\box40
\beamer@frametitlebox=\box41
\beamer@zoombox=\box42
\beamer@zoomcount=\count133
\beamer@zoomframecount=\count134
\beamer@frametextheight=\dimen164
\c@subsectionslide=\count135
\beamer@frametopskip=\skip45
\beamer@framebottomskip=\skip46
\beamer@frametopskipautobreak=\skip47
\beamer@framebottomskipautobreak=\skip48
\beamer@envbody=\toks24
\c@framenumber=\count136
)
(/usr/local/texlive/2012/texmf-dist/tex/latex/beamer/beamerbaseverbatim.sty
Package: beamerbaseverbatim 2011/09/12  (rcs-revision 70f9d8411e54)
\beamer@verbatimfileout=\write4
)
(/usr/local/texlive/2012/texmf-dist/tex/latex/beamer/beamerbaseframesize.sty
Package: beamerbaseframesize 2011/09/12  (rcs-revision 70f9d8411e54)
\beamer@splitbox=\box43
\beamer@autobreakcount=\count137
\beamer@autobreaklastheight=\dimen165
\beamer@frametitletoks=\toks25
\beamer@framesubtitletoks=\toks26
)
(/usr/local/texlive/2012/texmf-dist/tex/latex/beamer/beamerbaseframecomponents.
sty
Package: beamerbaseframecomponents 2012/03/07  (rcs-revision 9f094699ce15)
\beamer@footins=\box44
) (/usr/local/texlive/2012/texmf-dist/tex/latex/beamer/beamerbasecolor.sty
Package: beamerbasecolor 2010/06/06  (rcs-revision d1a9b48be06d)
)
(/usr/local/texlive/2012/texmf-dist/tex/latex/beamer/beamerbasenotes.sty
Package: beamerbasenotes 2010/05/01  (rcs-revision efa082c6111d)
\beamer@frameboxcopy=\box45
)
(/usr/local/texlive/2012/texmf-dist/tex/latex/beamer/beamerbasetoc.sty
Package: beamerbasetoc 2012/02/28  (rcs-revision 138681b92320)
)
(/usr/local/texlive/2012/texmf-dist/tex/latex/beamer/beamerbasetemplates.sty
Package: beamerbasetemplates 2010/05/01  (rcs-revision efa082c6111d)
\beamer@sbttoks=\toks27

(/usr/local/texlive/2012/texmf-dist/tex/latex/beamer/beamerbaseauxtemplates.sty
Package: beamerbaseauxtemplates 2012/05/01  (rcs-revision 67c48b3b652d)
(/usr/local/texlive/2012/texmf-dist/tex/latex/beamer/beamerbaseboxes.sty
Package: beamerbaseboxes 2012/05/13  (rcs-revision 56972908a390)
\bmb@box=\box46
\bmb@colorbox=\box47
\bmb@boxshadow=\box48
\bmb@boxshadowball=\box49
\bmb@boxshadowballlarge=\box50
\bmb@temp=\dimen166
\bmb@dima=\dimen167
\bmb@dimb=\dimen168
\bmb@prevheight=\dimen169
)
\beamer@blockheadheight=\dimen170
))
(/usr/local/texlive/2012/texmf-dist/tex/latex/beamer/beamerbaselocalstructure.s
ty
Package: beamerbaselocalstructure 2012/05/25  (rcs-revision 5ff5e8ed7c0e)
 (/usr/local/texlive/2012/texmf-dist/tex/latex/tools/enumerate.sty
Package: enumerate 1999/03/05 v3.00 enumerate extensions (DPC)
\@enLab=\toks28
)
\c@figure=\count138
\c@table=\count139
\abovecaptionskip=\skip49
\belowcaptionskip=\skip50
)
(/usr/local/texlive/2012/texmf-dist/tex/latex/beamer/beamerbasenavigation.sty
Package: beamerbasenavigation 2012/04/03  (rcs-revision 42a0f21a412d)
\beamer@section@min@dim=\dimen171
)
(/usr/local/texlive/2012/texmf-dist/tex/latex/beamer/beamerbasetheorems.sty
Package: beamerbasetheorems 2010/06/06  (rcs-revision 7e7cc5e53e9d)

(/usr/local/texlive/2012/texmf-dist/tex/latex/amsmath/amsmath.sty
Package: amsmath 2000/07/18 v2.13 AMS math features
\@mathmargin=\skip51

For additional information on amsmath, use the `?' option.
(/usr/local/texlive/2012/texmf-dist/tex/latex/amsmath/amstext.sty
Package: amstext 2000/06/29 v2.01

(/usr/local/texlive/2012/texmf-dist/tex/latex/amsmath/amsgen.sty
File: amsgen.sty 1999/11/30 v2.0
\@emptytoks=\toks29
\ex@=\dimen172
))
(/usr/local/texlive/2012/texmf-dist/tex/latex/amsmath/amsbsy.sty
Package: amsbsy 1999/11/29 v1.2d
\pmbraise@=\dimen173
)
(/usr/local/texlive/2012/texmf-dist/tex/latex/amsmath/amsopn.sty
Package: amsopn 1999/12/14 v2.01 operator names
)
\inf@bad=\count140
LaTeX Info: Redefining \frac on input line 211.
\uproot@=\count141
\leftroot@=\count142
LaTeX Info: Redefining \overline on input line 307.
\classnum@=\count143
\DOTSCASE@=\count144
LaTeX Info: Redefining \ldots on input line 379.
LaTeX Info: Redefining \dots on input line 382.
LaTeX Info: Redefining \cdots on input line 467.
\Mathstrutbox@=\box51
\strutbox@=\box52
\big@size=\dimen174
LaTeX Font Info:    Redeclaring font encoding OML on input line 567.
LaTeX Font Info:    Redeclaring font encoding OMS on input line 568.
\macc@depth=\count145
\c@MaxMatrixCols=\count146
\dotsspace@=\muskip11
\c@parentequation=\count147
\dspbrk@lvl=\count148
\tag@help=\toks30
\row@=\count149
\column@=\count150
\maxfields@=\count151
\andhelp@=\toks31
\eqnshift@=\dimen175
\alignsep@=\dimen176
\tagshift@=\dimen177
\tagwidth@=\dimen178
\totwidth@=\dimen179
\lineht@=\dimen180
\@envbody=\toks32
\multlinegap=\skip52
\multlinetaggap=\skip53
\mathdisplay@stack=\toks33
LaTeX Info: Redefining \[ on input line 2666.
LaTeX Info: Redefining \] on input line 2667.
)
(/usr/local/texlive/2012/texmf-dist/tex/latex/amscls/amsthm.sty
Package: amsthm 2009/07/02 v2.20.1
\thm@style=\toks34
\thm@bodyfont=\toks35
\thm@headfont=\toks36
\thm@notefont=\toks37
\thm@headpunct=\toks38
\thm@preskip=\skip54
\thm@postskip=\skip55
\thm@headsep=\skip56
\dth@everypar=\toks39
)
\c@theorem=\count152
)
(/usr/local/texlive/2012/texmf-dist/tex/latex/beamer/beamerbasethemes.sty
Package: beamerbasethemes 2010/05/01  (rcs-revision efa082c6111d)
))
(/usr/local/texlive/2012/texmf-dist/tex/latex/beamer/themes/theme/beamerthemede
fault.sty
Package: beamerthemedefault 2010/06/17  (rcs-revision d02a7cf4d8ae)

(/usr/local/texlive/2012/texmf-dist/tex/latex/beamer/themes/font/beamerfontthem
edefault.sty
Package: beamerfontthemedefault 2010/06/17  (rcs-revision d02a7cf4d8ae)
)
(/usr/local/texlive/2012/texmf-dist/tex/latex/beamer/themes/color/beamercolorth
emedefault.sty
Package: beamercolorthemedefault 2010/06/17  (rcs-revision d02a7cf4d8ae)
)
(/usr/local/texlive/2012/texmf-dist/tex/latex/beamer/themes/inner/beamerinnerth
emedefault.sty
Package: beamerinnerthemedefault 2012/05/01  (rcs-revision 67c48b3b652d)
\beamer@dima=\dimen181
\beamer@dimb=\dimen182
)
(/usr/local/texlive/2012/texmf-dist/tex/latex/beamer/themes/outer/beamerouterth
emedefault.sty
Package: beamerouterthemedefault 2010/06/17  (rcs-revision d02a7cf4d8ae)
)))
(/usr/local/texlive/2012/texmf-dist/tex/latex/cjk/texinput/CJKutf8.sty
Package: CJKutf8 2012/05/07 4.8.3

(/usr/local/texlive/2012/texmf-dist/tex/latex/base/inputenc.sty
Package: inputenc 2008/03/30 v1.1d Input encoding file
\inpenc@prehook=\toks40
\inpenc@posthook=\toks41

(/usr/local/texlive/2012/texmf-dist/tex/latex/base/utf8.def
File: utf8.def 2008/04/05 v1.1m UTF-8 support for inputenc
Now handling font encoding OML ...
... no UTF-8 mapping file for font encoding OML
Now handling font encoding T1 ...
... processing UTF-8 mapping file for font encoding T1

(/usr/local/texlive/2012/texmf-dist/tex/latex/base/t1enc.dfu
File: t1enc.dfu 2008/04/05 v1.1m UTF-8 support for inputenc
   defining Unicode char U+00A1 (decimal 161)
   defining Unicode char U+00A3 (decimal 163)
   defining Unicode char U+00AB (decimal 171)
   defining Unicode char U+00BB (decimal 187)
   defining Unicode char U+00BF (decimal 191)
   defining Unicode char U+00C0 (decimal 192)
   defining Unicode char U+00C1 (decimal 193)
   defining Unicode char U+00C2 (decimal 194)
   defining Unicode char U+00C3 (decimal 195)
   defining Unicode char U+00C4 (decimal 196)
   defining Unicode char U+00C5 (decimal 197)
   defining Unicode char U+00C6 (decimal 198)
   defining Unicode char U+00C7 (decimal 199)
   defining Unicode char U+00C8 (decimal 200)
   defining Unicode char U+00C9 (decimal 201)
   defining Unicode char U+00CA (decimal 202)
   defining Unicode char U+00CB (decimal 203)
   defining Unicode char U+00CC (decimal 204)
   defining Unicode char U+00CD (decimal 205)
   defining Unicode char U+00CE (decimal 206)
   defining Unicode char U+00CF (decimal 207)
   defining Unicode char U+00D0 (decimal 208)
   defining Unicode char U+00D1 (decimal 209)
   defining Unicode char U+00D2 (decimal 210)
   defining Unicode char U+00D3 (decimal 211)
   defining Unicode char U+00D4 (decimal 212)
   defining Unicode char U+00D5 (decimal 213)
   defining Unicode char U+00D6 (decimal 214)
   defining Unicode char U+00D8 (decimal 216)
   defining Unicode char U+00D9 (decimal 217)
   defining Unicode char U+00DA (decimal 218)
   defining Unicode char U+00DB (decimal 219)
   defining Unicode char U+00DC (decimal 220)
   defining Unicode char U+00DD (decimal 221)
   defining Unicode char U+00DE (decimal 222)
   defining Unicode char U+00DF (decimal 223)
   defining Unicode char U+00E0 (decimal 224)
   defining Unicode char U+00E1 (decimal 225)
   defining Unicode char U+00E2 (decimal 226)
   defining Unicode char U+00E3 (decimal 227)
   defining Unicode char U+00E4 (decimal 228)
   defining Unicode char U+00E5 (decimal 229)
   defining Unicode char U+00E6 (decimal 230)
   defining Unicode char U+00E7 (decimal 231)
   defining Unicode char U+00E8 (decimal 232)
   defining Unicode char U+00E9 (decimal 233)
   defining Unicode char U+00EA (decimal 234)
   defining Unicode char U+00EB (decimal 235)
   defining Unicode char U+00EC (decimal 236)
   defining Unicode char U+00ED (decimal 237)
   defining Unicode char U+00EE (decimal 238)
   defining Unicode char U+00EF (decimal 239)
   defining Unicode char U+00F0 (decimal 240)
   defining Unicode char U+00F1 (decimal 241)
   defining Unicode char U+00F2 (decimal 242)
   defining Unicode char U+00F3 (decimal 243)
   defining Unicode char U+00F4 (decimal 244)
   defining Unicode char U+00F5 (decimal 245)
   defining Unicode char U+00F6 (decimal 246)
   defining Unicode char U+00F8 (decimal 248)
   defining Unicode char U+00F9 (decimal 249)
   defining Unicode char U+00FA (decimal 250)
   defining Unicode char U+00FB (decimal 251)
   defining Unicode char U+00FC (decimal 252)
   defining Unicode char U+00FD (decimal 253)
   defining Unicode char U+00FE (decimal 254)
   defining Unicode char U+00FF (decimal 255)
   defining Unicode char U+0102 (decimal 258)
   defining Unicode char U+0103 (decimal 259)
   defining Unicode char U+0104 (decimal 260)
   defining Unicode char U+0105 (decimal 261)
   defining Unicode char U+0106 (decimal 262)
   defining Unicode char U+0107 (decimal 263)
   defining Unicode char U+010C (decimal 268)
   defining Unicode char U+010D (decimal 269)
   defining Unicode char U+010E (decimal 270)
   defining Unicode char U+010F (decimal 271)
   defining Unicode char U+0110 (decimal 272)
   defining Unicode char U+0111 (decimal 273)
   defining Unicode char U+0118 (decimal 280)
   defining Unicode char U+0119 (decimal 281)
   defining Unicode char U+011A (decimal 282)
   defining Unicode char U+011B (decimal 283)
   defining Unicode char U+011E (decimal 286)
   defining Unicode char U+011F (decimal 287)
   defining Unicode char U+0130 (decimal 304)
   defining Unicode char U+0131 (decimal 305)
   defining Unicode char U+0132 (decimal 306)
   defining Unicode char U+0133 (decimal 307)
   defining Unicode char U+0139 (decimal 313)
   defining Unicode char U+013A (decimal 314)
   defining Unicode char U+013D (decimal 317)
   defining Unicode char U+013E (decimal 318)
   defining Unicode char U+0141 (decimal 321)
   defining Unicode char U+0142 (decimal 322)
   defining Unicode char U+0143 (decimal 323)
   defining Unicode char U+0144 (decimal 324)
   defining Unicode char U+0147 (decimal 327)
   defining Unicode char U+0148 (decimal 328)
   defining Unicode char U+014A (decimal 330)
   defining Unicode char U+014B (decimal 331)
   defining Unicode char U+0150 (decimal 336)
   defining Unicode char U+0151 (decimal 337)
   defining Unicode char U+0152 (decimal 338)
   defining Unicode char U+0153 (decimal 339)
   defining Unicode char U+0154 (decimal 340)
   defining Unicode char U+0155 (decimal 341)
   defining Unicode char U+0158 (decimal 344)
   defining Unicode char U+0159 (decimal 345)
   defining Unicode char U+015A (decimal 346)
   defining Unicode char U+015B (decimal 347)
   defining Unicode char U+015E (decimal 350)
   defining Unicode char U+015F (decimal 351)
   defining Unicode char U+0160 (decimal 352)
   defining Unicode char U+0161 (decimal 353)
   defining Unicode char U+0162 (decimal 354)
   defining Unicode char U+0163 (decimal 355)
   defining Unicode char U+0164 (decimal 356)
   defining Unicode char U+0165 (decimal 357)
   defining Unicode char U+016E (decimal 366)
   defining Unicode char U+016F (decimal 367)
   defining Unicode char U+0170 (decimal 368)
   defining Unicode char U+0171 (decimal 369)
   defining Unicode char U+0178 (decimal 376)
   defining Unicode char U+0179 (decimal 377)
   defining Unicode char U+017A (decimal 378)
   defining Unicode char U+017B (decimal 379)
   defining Unicode char U+017C (decimal 380)
   defining Unicode char U+017D (decimal 381)
   defining Unicode char U+017E (decimal 382)
   defining Unicode char U+200C (decimal 8204)
   defining Unicode char U+2013 (decimal 8211)
   defining Unicode char U+2014 (decimal 8212)
   defining Unicode char U+2018 (decimal 8216)
   defining Unicode char U+2019 (decimal 8217)
   defining Unicode char U+201A (decimal 8218)
   defining Unicode char U+201C (decimal 8220)
   defining Unicode char U+201D (decimal 8221)
   defining Unicode char U+201E (decimal 8222)
   defining Unicode char U+2030 (decimal 8240)
   defining Unicode char U+2031 (decimal 8241)
   defining Unicode char U+2039 (decimal 8249)
   defining Unicode char U+203A (decimal 8250)
   defining Unicode char U+2423 (decimal 9251)
)
Now handling font encoding OT1 ...
... processing UTF-8 mapping file for font encoding OT1

(/usr/local/texlive/2012/texmf-dist/tex/latex/base/ot1enc.dfu
File: ot1enc.dfu 2008/04/05 v1.1m UTF-8 support for inputenc
   defining Unicode char U+00A1 (decimal 161)
   defining Unicode char U+00A3 (decimal 163)
   defining Unicode char U+00B8 (decimal 184)
   defining Unicode char U+00BF (decimal 191)
   defining Unicode char U+00C5 (decimal 197)
   defining Unicode char U+00C6 (decimal 198)
   defining Unicode char U+00D8 (decimal 216)
   defining Unicode char U+00DF (decimal 223)
   defining Unicode char U+00E6 (decimal 230)
   defining Unicode char U+00EC (decimal 236)
   defining Unicode char U+00ED (decimal 237)
   defining Unicode char U+00EE (decimal 238)
   defining Unicode char U+00EF (decimal 239)
   defining Unicode char U+00F8 (decimal 248)
   defining Unicode char U+0131 (decimal 305)
   defining Unicode char U+0141 (decimal 321)
   defining Unicode char U+0142 (decimal 322)
   defining Unicode char U+0152 (decimal 338)
   defining Unicode char U+0153 (decimal 339)
   defining Unicode char U+2013 (decimal 8211)
   defining Unicode char U+2014 (decimal 8212)
   defining Unicode char U+2018 (decimal 8216)
   defining Unicode char U+2019 (decimal 8217)
   defining Unicode char U+201C (decimal 8220)
   defining Unicode char U+201D (decimal 8221)
)
Now handling font encoding OMS ...
... processing UTF-8 mapping file for font encoding OMS

(/usr/local/texlive/2012/texmf-dist/tex/latex/base/omsenc.dfu
File: omsenc.dfu 2008/04/05 v1.1m UTF-8 support for inputenc
   defining Unicode char U+00A7 (decimal 167)
   defining Unicode char U+00B6 (decimal 182)
   defining Unicode char U+00B7 (decimal 183)
   defining Unicode char U+2020 (decimal 8224)
   defining Unicode char U+2021 (decimal 8225)
   defining Unicode char U+2022 (decimal 8226)
)
Now handling font encoding OMX ...
... no UTF-8 mapping file for font encoding OMX
Now handling font encoding U ...
... no UTF-8 mapping file for font encoding U
Now handling font encoding PD1 ...
... no UTF-8 mapping file for font encoding PD1
   defining Unicode char U+00A9 (decimal 169)
   defining Unicode char U+00AA (decimal 170)
   defining Unicode char U+00AE (decimal 174)
   defining Unicode char U+00BA (decimal 186)
   defining Unicode char U+02C6 (decimal 710)
   defining Unicode char U+02DC (decimal 732)
   defining Unicode char U+200C (decimal 8204)
   defining Unicode char U+2026 (decimal 8230)
   defining Unicode char U+2122 (decimal 8482)
   defining Unicode char U+2423 (decimal 9251)
))
(/usr/local/texlive/2012/texmf-dist/tex/latex/cjk/texinput/CJK.sty
Package: CJK 2012/05/07 4.8.3

(/usr/local/texlive/2012/texmf-dist/tex/latex/cjk/texinput/mule/MULEenc.sty
Package: MULEenc 2012/05/07 4.8.3
)
(/usr/local/texlive/2012/texmf-dist/tex/latex/cjk/texinput/CJK.enc
File: CJK.enc 2012/05/07 4.8.3
Now handling font encoding C00 ...
... no UTF-8 mapping file for font encoding C00
Now handling font encoding C05 ...
... no UTF-8 mapping file for font encoding C05
Now handling font encoding C09 ...
... no UTF-8 mapping file for font encoding C09
Now handling font encoding C10 ...
... no UTF-8 mapping file for font encoding C10
Now handling font encoding C20 ...
... no UTF-8 mapping file for font encoding C20
Now handling font encoding C19 ...
... no UTF-8 mapping file for font encoding C19
Now handling font encoding C40 ...
... no UTF-8 mapping file for font encoding C40
Now handling font encoding C42 ...
... no UTF-8 mapping file for font encoding C42
Now handling font encoding C43 ...
... no UTF-8 mapping file for font encoding C43
Now handling font encoding C50 ...
... no UTF-8 mapping file for font encoding C50
Now handling font encoding C52 ...
... no UTF-8 mapping file for font encoding C52
Now handling font encoding C49 ...
... no UTF-8 mapping file for font encoding C49
Now handling font encoding C60 ...
... no UTF-8 mapping file for font encoding C60
Now handling font encoding C61 ...
... no UTF-8 mapping file for font encoding C61
Now handling font encoding C63 ...
... no UTF-8 mapping file for font encoding C63
Now handling font encoding C64 ...
... no UTF-8 mapping file for font encoding C64
Now handling font encoding C65 ...
... no UTF-8 mapping file for font encoding C65
Now handling font encoding C70 ...
... no UTF-8 mapping file for font encoding C70
Now handling font encoding C31 ...
... no UTF-8 mapping file for font encoding C31
Now handling font encoding C32 ...
... no UTF-8 mapping file for font encoding C32
Now handling font encoding C33 ...
... no UTF-8 mapping file for font encoding C33
Now handling font encoding C34 ...
... no UTF-8 mapping file for font encoding C34
Now handling font encoding C35 ...
... no UTF-8 mapping file for font encoding C35
Now handling font encoding C36 ...
... no UTF-8 mapping file for font encoding C36
Now handling font encoding C37 ...
... no UTF-8 mapping file for font encoding C37
Now handling font encoding C80 ...
... no UTF-8 mapping file for font encoding C80
Now handling font encoding C81 ...
... no UTF-8 mapping file for font encoding C81
Now handling font encoding C01 ...
... no UTF-8 mapping file for font encoding C01
Now handling font encoding C11 ...
... no UTF-8 mapping file for font encoding C11
Now handling font encoding C21 ...
... no UTF-8 mapping file for font encoding C21
Now handling font encoding C41 ...
... no UTF-8 mapping file for font encoding C41
Now handling font encoding C62 ...
... no UTF-8 mapping file for font encoding C62
)
LaTeX Info: Redefining \selectfont on input line 755.
\CJK@indent=\box53
)
(/usr/local/texlive/2012/texmf-dist/tex/latex/base/fontenc.sty
Package: fontenc 2005/09/27 v1.99g Standard LaTeX package
))
(/usr/local/texlive/2012/texmf-dist/tex/latex/base/fontenc.sty
Package: fontenc 2005/09/27 v1.99g Standard LaTeX package

(/usr/local/texlive/2012/texmf-dist/tex/latex/base/t1enc.def
File: t1enc.def 2005/09/27 v1.99g Standard LaTeX file
LaTeX Font Info:    Redeclaring font encoding T1 on input line 43.
))
(/usr/local/texlive/2012/texmf-dist/tex/latex/listings/listings.sty
\lst@mode=\count153
\lst@gtempboxa=\box54
\lst@token=\toks42
\lst@length=\count154
\lst@currlwidth=\dimen183
\lst@column=\count155
\lst@pos=\count156
\lst@lostspace=\dimen184
\lst@width=\dimen185
\lst@newlines=\count157
\lst@lineno=\count158
\lst@maxwidth=\dimen186

(/usr/local/texlive/2012/texmf-dist/tex/latex/listings/lstmisc.sty
File: lstmisc.sty 2007/02/22 1.4 (Carsten Heinz)
\c@lstnumber=\count159
\lst@skipnumbers=\count160
\lst@framebox=\box55
)
(/usr/local/texlive/2012/texmf-dist/tex/latex/listings/listings.cfg
File: listings.cfg 2007/02/22 1.4 listings configuration
))
Package: listings 2007/02/22 1.4 (Carsten Heinz)

(./command.tex) (./presentationPython.aux (./sec_introduction.aux)
(./sec_language.aux) (./sec_scientific.aux) (./sec_environment.aux)
(./sec_conclusion.aux) (./sec_appendix.aux))
\openout1 = `presentationPython.aux'.

LaTeX Font Info:    Checking defaults for OML/cmm/m/it on input line 33.
LaTeX Font Info:    ... okay on input line 33.
LaTeX Font Info:    Checking defaults for T1/cmr/m/n on input line 33.
LaTeX Font Info:    ... okay on input line 33.
LaTeX Font Info:    Checking defaults for OT1/cmr/m/n on input line 33.
LaTeX Font Info:    ... okay on input line 33.
LaTeX Font Info:    Checking defaults for OMS/cmsy/m/n on input line 33.
LaTeX Font Info:    ... okay on input line 33.
LaTeX Font Info:    Checking defaults for OMX/cmex/m/n on input line 33.
LaTeX Font Info:    ... okay on input line 33.
LaTeX Font Info:    Checking defaults for U/cmr/m/n on input line 33.
LaTeX Font Info:    ... okay on input line 33.
LaTeX Font Info:    Checking defaults for PD1/pdf/m/n on input line 33.
LaTeX Font Info:    ... okay on input line 33.
LaTeX Font Info:    Checking defaults for C00/song/m/n on input line 33.
LaTeX Font Info:    ... okay on input line 33.
LaTeX Font Info:    Checking defaults for C05/song/m/n on input line 33.
LaTeX Font Info:    ... okay on input line 33.
LaTeX Font Info:    Checking defaults for C09/song/m/n on input line 33.
LaTeX Font Info:    ... okay on input line 33.
LaTeX Font Info:    Checking defaults for C10/song/m/n on input line 33.
LaTeX Font Info:    ... okay on input line 33.
LaTeX Font Info:    Checking defaults for C20/song/m/n on input line 33.
LaTeX Font Info:    ... okay on input line 33.
LaTeX Font Info:    Checking defaults for C19/song/m/n on input line 33.
LaTeX Font Info:    ... okay on input line 33.
LaTeX Font Info:    Checking defaults for C40/song/m/n on input line 33.
LaTeX Font Info:    ... okay on input line 33.
LaTeX Font Info:    Checking defaults for C42/song/m/n on input line 33.
LaTeX Font Info:    ... okay on input line 33.
LaTeX Font Info:    Checking defaults for C43/song/m/n on input line 33.
LaTeX Font Info:    ... okay on input line 33.
LaTeX Font Info:    Checking defaults for C50/song/m/n on input line 33.
LaTeX Font Info:    ... okay on input line 33.
LaTeX Font Info:    Checking defaults for C52/song/m/n on input line 33.
LaTeX Font Info:    ... okay on input line 33.
LaTeX Font Info:    Checking defaults for C49/song/m/n on input line 33.
LaTeX Font Info:    ... okay on input line 33.
LaTeX Font Info:    Checking defaults for C60/mj/m/n on input line 33.
LaTeX Font Info:    ... okay on input line 33.
LaTeX Font Info:    Checking defaults for C61/mj/m/n on input line 33.
LaTeX Font Info:    ... okay on input line 33.
LaTeX Font Info:    Checking defaults for C63/mj/m/n on input line 33.
LaTeX Font Info:    ... okay on input line 33.
LaTeX Font Info:    Checking defaults for C64/mj/m/n on input line 33.
LaTeX Font Info:    ... okay on input line 33.
LaTeX Font Info:    Checking defaults for C65/mj/m/n on input line 33.
LaTeX Font Info:    ... okay on input line 33.
LaTeX Font Info:    Checking defaults for C70/song/m/n on input line 33.
LaTeX Font Info:    ... okay on input line 33.
LaTeX Font Info:    Checking defaults for C31/song/m/n on input line 33.
LaTeX Font Info:    ... okay on input line 33.
LaTeX Font Info:    Checking defaults for C32/song/m/n on input line 33.
LaTeX Font Info:    ... okay on input line 33.
LaTeX Font Info:    Checking defaults for C33/song/m/n on input line 33.
LaTeX Font Info:    ... okay on input line 33.
LaTeX Font Info:    Checking defaults for C34/song/m/n on input line 33.
LaTeX Font Info:    ... okay on input line 33.
LaTeX Font Info:    Checking defaults for C35/song/m/n on input line 33.
LaTeX Font Info:    ... okay on input line 33.
LaTeX Font Info:    Checking defaults for C36/song/m/n on input line 33.
LaTeX Font Info:    ... okay on input line 33.
LaTeX Font Info:    Checking defaults for C37/song/m/n on input line 33.
LaTeX Font Info:    ... okay on input line 33.
LaTeX Font Info:    Checking defaults for C80/song/m/n on input line 33.
LaTeX Font Info:    ... okay on input line 33.
LaTeX Font Info:    Checking defaults for C81/song/m/n on input line 33.
LaTeX Font Info:    ... okay on input line 33.
LaTeX Font Info:    Checking defaults for C01/song/m/n on input line 33.
LaTeX Font Info:    ... okay on input line 33.
LaTeX Font Info:    Checking defaults for C11/song/m/n on input line 33.
LaTeX Font Info:    ... okay on input line 33.
LaTeX Font Info:    Checking defaults for C21/song/m/n on input line 33.
LaTeX Font Info:    ... okay on input line 33.
LaTeX Font Info:    Checking defaults for C41/song/m/n on input line 33.
LaTeX Font Info:    ... okay on input line 33.
LaTeX Font Info:    Checking defaults for C62/song/m/n on input line 33.
LaTeX Font Info:    ... okay on input line 33.

*geometry* driver: auto-detecting
*geometry* detected driver: pdftex
*geometry* verbose mode - [ preamble ] result:
* driver: pdftex
* paper: custom
* layout: <same size as paper>
* layoutoffset:(h,v)=(0.0pt,0.0pt)
* modes: includehead includefoot 
* h-part:(L,W,R)=(28.45274pt, 307.28987pt, 28.45274pt)
* v-part:(T,H,B)=(0.0pt, 273.14662pt, 0.0pt)
* \paperwidth=364.19536pt
* \paperheight=273.14662pt
* \textwidth=307.28987pt
* \textheight=244.6939pt
* \oddsidemargin=-43.81725pt
* \evensidemargin=-43.81725pt
* \topmargin=-72.26999pt
* \headheight=14.22636pt
* \headsep=0.0pt
* \topskip=11.0pt
* \footskip=14.22636pt
* \marginparwidth=4.0pt
* \marginparsep=10.0pt
* \columnsep=10.0pt
* \skip\footins=10.0pt plus 4.0pt minus 2.0pt
* \hoffset=0.0pt
* \voffset=0.0pt
* \mag=1000
* \@twocolumnfalse
* \@twosidefalse
* \@mparswitchfalse
* \@reversemarginfalse
* (1in=72.27pt=25.4mm, 1cm=28.453pt)

(/usr/local/texlive/2012/texmf-dist/tex/context/base/supp-pdf.mkii
[Loading MPS to PDF converter (version 2006.09.02).]
\scratchcounter=\count161
\scratchdimen=\dimen187
\scratchbox=\box56
\nofMPsegments=\count162
\nofMParguments=\count163
\everyMPshowfont=\toks43
\MPscratchCnt=\count164
\MPscratchDim=\dimen188
\MPnumerator=\count165
\makeMPintoPDFobject=\count166
\everyMPtoPDFconversion=\toks44
) (/usr/local/texlive/2012/texmf-dist/tex/latex/oberdiek/epstopdf-base.sty
Package: epstopdf-base 2010/02/09 v2.5 Base part for package epstopdf

(/usr/local/texlive/2012/texmf-dist/tex/latex/oberdiek/grfext.sty
Package: grfext 2010/08/19 v1.1 Manage graphics extensions (HO)
)
Package grfext Info: Graphics extension search list:
(grfext)             [.png,.pdf,.jpg,.mps,.jpeg,.jbig2,.jb2,.PNG,.PDF,.JPG,.JPE
G,.JBIG2,.JB2,.eps]
(grfext)             \AppendGraphicsExtensions on input line 452.

(/usr/local/texlive/2012/texmf-dist/tex/latex/latexconfig/epstopdf-sys.cfg
File: epstopdf-sys.cfg 2010/07/13 v1.3 Configuration of (r)epstopdf for TeX Liv
e
))
ABD: EveryShipout initializing macros
\AtBeginShipoutBox=\box57
Package hyperref Info: Link coloring OFF on input line 33.

(/usr/local/texlive/2012/texmf-dist/tex/latex/hyperref/nameref.sty
Package: nameref 2010/04/30 v2.40 Cross-referencing by name of section

(/usr/local/texlive/2012/texmf-dist/tex/generic/oberdiek/gettitlestring.sty
Package: gettitlestring 2010/12/03 v1.4 Cleanup title references (HO)
)
\c@section@level=\count167
)
LaTeX Info: Redefining \ref on input line 33.
LaTeX Info: Redefining \pageref on input line 33.
LaTeX Info: Redefining \nameref on input line 33.

(./presentationPython.out) (./presentationPython.out)
\@outlinefile=\write5
\openout5 = `presentationPython.out'.

LaTeX Font Info:    Overwriting symbol font `operators' in version `normal'
(Font)                  OT1/cmr/m/n --> OT1/cmss/m/n on input line 33.
LaTeX Font Info:    Overwriting symbol font `operators' in version `bold'
(Font)                  OT1/cmr/bx/n --> OT1/cmss/bx/n on input line 33.
\symnumbers=\mathgroup6
\sympureletters=\mathgroup7
LaTeX Font Info:    Overwriting math alphabet `\mathrm' in version `normal'
(Font)                  OT1/cmss/m/n --> T1/cmr/m/n on input line 33.
LaTeX Font Info:    Redeclaring math alphabet \mathbf on input line 33.
LaTeX Font Info:    Overwriting math alphabet `\mathbf' in version `normal'
(Font)                  OT1/cmr/bx/n --> T1/cmss/bx/n on input line 33.
LaTeX Font Info:    Overwriting math alphabet `\mathbf' in version `bold'
(Font)                  OT1/cmr/bx/n --> T1/cmss/bx/n on input line 33.
LaTeX Font Info:    Redeclaring math alphabet \mathsf on input line 33.
LaTeX Font Info:    Overwriting math alphabet `\mathsf' in version `normal'
(Font)                  OT1/cmss/m/n --> T1/cmss/m/n on input line 33.
LaTeX Font Info:    Overwriting math alphabet `\mathsf' in version `bold'
(Font)                  OT1/cmss/bx/n --> T1/cmss/m/n on input line 33.
LaTeX Font Info:    Redeclaring math alphabet \mathit on input line 33.
LaTeX Font Info:    Overwriting math alphabet `\mathit' in version `normal'
(Font)                  OT1/cmr/m/it --> T1/cmss/m/it on input line 33.
LaTeX Font Info:    Overwriting math alphabet `\mathit' in version `bold'
(Font)                  OT1/cmr/bx/it --> T1/cmss/m/it on input line 33.
LaTeX Font Info:    Redeclaring math alphabet \mathtt on input line 33.
LaTeX Font Info:    Overwriting math alphabet `\mathtt' in version `normal'
(Font)                  OT1/cmtt/m/n --> T1/cmtt/m/n on input line 33.
LaTeX Font Info:    Overwriting math alphabet `\mathtt' in version `bold'
(Font)                  OT1/cmtt/m/n --> T1/cmtt/m/n on input line 33.
LaTeX Font Info:    Overwriting symbol font `numbers' in version `bold'
(Font)                  T1/cmss/m/n --> T1/cmss/bx/n on input line 33.
LaTeX Font Info:    Overwriting symbol font `pureletters' in version `bold'
(Font)                  T1/cmss/m/it --> T1/cmss/bx/it on input line 33.
LaTeX Font Info:    Overwriting math alphabet `\mathrm' in version `bold'
(Font)                  OT1/cmss/bx/n --> T1/cmr/bx/n on input line 33.
LaTeX Font Info:    Overwriting math alphabet `\mathbf' in version `bold'
(Font)                  T1/cmss/bx/n --> T1/cmss/bx/n on input line 33.
LaTeX Font Info:    Overwriting math alphabet `\mathsf' in version `bold'
(Font)                  T1/cmss/m/n --> T1/cmss/bx/n on input line 33.
LaTeX Font Info:    Overwriting math alphabet `\mathit' in version `bold'
(Font)                  T1/cmss/m/it --> T1/cmss/bx/it on input line 33.
LaTeX Font Info:    Overwriting math alphabet `\mathtt' in version `bold'
(Font)                  T1/cmtt/m/n --> T1/cmtt/bx/n on input line 33.
LaTeX Font Info:    Redeclaring symbol font `pureletters' on input line 33.
LaTeX Font Info:    Encoding `T1' has changed to `OT1' for symbol font
(Font)              `pureletters' in the math version `normal' on input line 33
.
LaTeX Font Info:    Overwriting symbol font `pureletters' in version `normal'
(Font)                  T1/cmss/m/it --> OT1/mathkerncmss/m/sl on input line 33
.
LaTeX Font Info:    Encoding `T1' has changed to `OT1' for symbol font
(Font)              `pureletters' in the math version `bold' on input line 33.
LaTeX Font Info:    Overwriting symbol font `pureletters' in version `bold'
(Font)                  T1/cmss/bx/it --> OT1/mathkerncmss/m/sl on input line 3
3.

(/usr/local/texlive/2012/texmf-dist/tex/latex/beamer/translator/dicts/translato
r-basic-dictionary/translator-basic-dictionary-English.dict
Dictionary: translator-basic-dictionary, Language: English 
)
(/usr/local/texlive/2012/texmf-dist/tex/latex/beamer/translator/dicts/translato
r-bibliography-dictionary/translator-bibliography-dictionary-English.dict
Dictionary: translator-bibliography-dictionary, Language: English 
)
(/usr/local/texlive/2012/texmf-dist/tex/latex/beamer/translator/dicts/translato
r-environment-dictionary/translator-environment-dictionary-English.dict
Dictionary: translator-environment-dictionary, Language: English 
)
(/usr/local/texlive/2012/texmf-dist/tex/latex/beamer/translator/dicts/translato
r-months-dictionary/translator-months-dictionary-English.dict
Dictionary: translator-months-dictionary, Language: English 
)
(/usr/local/texlive/2012/texmf-dist/tex/latex/beamer/translator/dicts/translato
r-numbers-dictionary/translator-numbers-dictionary-English.dict
Dictionary: translator-numbers-dictionary, Language: English 
)
(/usr/local/texlive/2012/texmf-dist/tex/latex/beamer/translator/dicts/translato
r-theorem-dictionary/translator-theorem-dictionary-English.dict
Dictionary: translator-theorem-dictionary, Language: English 
)
LaTeX Info: Redefining \includegraphics on input line 33.
\c@lstlisting=\count168

(./presentationPython.nav)
LaTeX Font Info:    Try loading font information for U+msa on input line 35.

(/usr/local/texlive/2012/texmf-dist/tex/latex/amsfonts/umsa.fd
File: umsa.fd 2009/06/22 v3.00 AMS symbols A
)
LaTeX Font Info:    Try loading font information for U+msb on input line 35.

(/usr/local/texlive/2012/texmf-dist/tex/latex/amsfonts/umsb.fd
File: umsb.fd 2009/06/22 v3.00 AMS symbols B
)
LaTeX Font Info:    Try loading font information for OT1+mathkerncmss on input 
line 35.

(/usr/local/texlive/2012/texmf-dist/tex/latex/sansmathaccent/ot1mathkerncmss.fd
File: ot1mathkerncmss.fd 2012/04/26
) <./fig/logoCNRS.png, id=153, 301.125pt x 245.91875pt>
File: ./fig/logoCNRS.png Graphic file (type png)

<use ./fig/logoCNRS.png>
Package pdftex.def Info: ./fig/logoCNRS.png used on input line 35.
(pdftex.def)             Requested size: 34.8377pt x 28.45274pt.

<./fig/logoGipsaLab.png, id=155, 368.37625pt x 271.0125pt>
File: ./fig/logoGipsaLab.png Graphic file (type png)

<use ./fig/logoGipsaLab.png>
Package pdftex.def Info: ./fig/logoGipsaLab.png used on input line 35.
(pdftex.def)             Requested size: 38.67221pt x 28.45274pt.


LaTeX Font Warning: Font shape `T1/cmss/m/n' in size <4> not available
(Font)              size <5> substituted on input line 35.

[1

{/usr/local/texlive/2012/texmf-var/fonts/map/pdftex/updmap/pdftex.map} <./fig/l
ogoCNRS.png> <./fig/logoGipsaLab.png>] (./presentationPython.toc) [2

]
\openout2 = `sec_introduction.aux'.


(./sec_introduction.tex (./presentationPython.toc) [3


]
\openout4 = `presentationPython.vrb'.


(./presentationPython.vrb
LaTeX Font Info:    Try loading font information for T1+cmtt on input line 59.

(/usr/local/texlive/2012/texmf-dist/tex/latex/base/t1cmtt.fd
File: t1cmtt.fd 1999/05/25 v2.5h Standard LaTeX font definitions
)) [4

]
(./presentationPython.vrb
<./fig/MontyPythonFoot.png, id=300, 100.375pt x 90.3375pt>
File: ./fig/MontyPythonFoot.png Graphic file (type png)

<use ./fig/MontyPythonFoot.png>
Package pdftex.def Info: ./fig/MontyPythonFoot.png used on input line 59.
(pdftex.def)             Requested size: 56.9055pt x 51.21584pt.

<./fig/ordi1990.jpg, id=301, 657.45625pt x 702.625pt>
File: ./fig/ordi1990.jpg Graphic file (type jpg)
 <use ./fig/ordi1990.jpg>
Package pdftex.def Info: ./fig/ordi1990.jpg used on input line 59.
(pdftex.def)             Requested size: 85.35826pt x 91.21579pt.
)
Overfull \vbox (0.95244pt too high) detected at line 66
 []

[5

 <./fig/MontyPythonFoot.png> <./fig/ordi1990.jpg>] (./presentationPython.vrb
<./fig/grail.png, id=336, 565.11125pt x 663.47874pt>
File: ./fig/grail.png Graphic file (type png)
 <use ./fig/grail.png>
Package pdftex.def Info: ./fig/grail.png used on input line 59.
(pdftex.def)             Requested size: 85.35826pt x 100.21605pt.
)
Overfull \vbox (2.95244pt too high) detected at line 66
 []

[6

 <./fig/grail.png>] (./presentationPython.vrb
<./fig/python-logo.png, id=367, 211.79124pt x 71.26625pt>
File: ./fig/python-logo.png Graphic file (type png)

<use ./fig/python-logo.png>
Package pdftex.def Info: ./fig/python-logo.png used on input line 59.
(pdftex.def)             Requested size: 85.35826pt x 28.72238pt.
) [7

 <./fig/python-logo.png>]
<./fig/guido.jpg, id=399, 1027.84pt x 1541.76pt>
File: ./fig/guido.jpg Graphic file (type jpg)
 <use ./fig/guido.jpg>
Package pdftex.def Info: ./fig/guido.jpg used on input line 96.
(pdftex.def)             Requested size: 85.35826pt x 128.02486pt.
 [8

 <./fig/guido.jpg>] [9

]
\openout4 = `presentationPython.vrb'.

 (./presentationPython.vrb
(/usr/local/texlive/2012/texmf-dist/tex/latex/listings/lstlang1.sty
File: lstlang1.sty 2004/09/05 1.3 listings language file
)
(/usr/local/texlive/2012/texmf-dist/tex/latex/listings/lstlang1.sty
File: lstlang1.sty 2004/09/05 1.3 listings language file
)
(/usr/local/texlive/2012/texmf-dist/tex/latex/listings/lstlang1.sty
File: lstlang1.sty 2004/09/05 1.3 listings language file
)) [10

]
\openout4 = `presentationPython.vrb'.


(./presentationPython.vrb (./example/shell/shellScript.py)) [11

]
\openout4 = `presentationPython.vrb'.


(./presentationPython.vrb) [12

]
\openout4 = `presentationPython.vrb'.

 (./presentationPython.vrb) [13

]
\openout4 = `presentationPython.vrb'.


(./presentationPython.vrb) [14

]
<./fig/sitePython.png, id=594, 1087.06125pt x 985.6825pt>
File: ./fig/sitePython.png Graphic file (type png)

<use ./fig/sitePython.png>
Package pdftex.def Info: ./fig/sitePython.png used on input line 230.
(pdftex.def)             Requested size: 284.52756pt x 257.986pt.

Overfull \vbox (37.01413pt too high) detected at line 230
 []

[15

 <./fig/sitePython.png>]
<./fig/sitePythonDoc.png, id=623, 1087.06125pt x 985.6825pt>
File: ./fig/sitePythonDoc.png Graphic file (type png)

<use ./fig/sitePythonDoc.png>
Package pdftex.def Info: ./fig/sitePythonDoc.png used on input line 240.
(pdftex.def)             Requested size: 284.52756pt x 257.986pt.

Overfull \vbox (37.01413pt too high) detected at line 240
 []

[16

 <./fig/sitePythonDoc.png>]
<./fig/PDFTutorial.png, id=655, 906.38625pt x 636.3775pt>
File: ./fig/PDFTutorial.png Graphic file (type png)

<use ./fig/PDFTutorial.png>
Package pdftex.def Info: ./fig/PDFTutorial.png used on input line 247.
(pdftex.def)             Requested size: 284.52756pt x 199.76082pt.
 [17

 <./fig/PDFTutorial.png>]
<./fig/PDFLibrary.png, id=684, 1266.7325pt x 758.835pt>
File: ./fig/PDFLibrary.png Graphic file (type png)

<use ./fig/PDFLibrary.png>
Package pdftex.def Info: ./fig/PDFLibrary.png used on input line 254.
(pdftex.def)             Requested size: 284.52756pt x 170.44104pt.
 [18

 <./fig/PDFLibrary.png>]
<./fig/PDFLibraryOS.png, id=713, 1266.7325pt x 758.835pt>
File: ./fig/PDFLibraryOS.png Graphic file (type png)

<use ./fig/PDFLibraryOS.png>
Package pdftex.def Info: ./fig/PDFLibraryOS.png used on input line 261.
(pdftex.def)             Requested size: 284.52756pt x 170.44104pt.
 [19

 <./fig/PDFLibraryOS.png>]
<./fig/PDFReference.png, id=743, 1266.7325pt x 758.835pt>
File: ./fig/PDFReference.png Graphic file (type png)

<use ./fig/PDFReference.png>
Package pdftex.def Info: ./fig/PDFReference.png used on input line 270.
(pdftex.def)             Requested size: 284.52756pt x 170.44104pt.
 [20

 <./fig/PDFReference.png>]
<./fig/sitePythonPEPs.png, id=773, 1087.06125pt x 969.6225pt>
File: ./fig/sitePythonPEPs.png Graphic file (type png)

<use ./fig/sitePythonPEPs.png>
Package pdftex.def Info: ./fig/sitePythonPEPs.png used on input line 281.
(pdftex.def)             Requested size: 227.62204pt x 203.02013pt.

Overfull \vbox (17.3769pt too high) detected at line 281
 []

[21

 <./fig/sitePythonPEPs.png>] [22

] [23

])
\openout2 = `sec_language.aux'.

 (./sec_language.tex
(./presentationPython.toc) [24



] [25

]
\openout4 = `presentationPython.vrb'.

 (./presentationPython.vrb) [26

]
\openout4 = `presentationPython.vrb'.


(./presentationPython.vrb) [27

]
\openout4 = `presentationPython.vrb'.

 (./presentationPython.vrb) [28

]
\openout4 = `presentationPython.vrb'.


(./presentationPython.vrb) [29

]
\openout4 = `presentationPython.vrb'.

 (./presentationPython.vrb) [30

]
\openout4 = `presentationPython.vrb'.


(./presentationPython.vrb) [31

] [32

]
\openout4 = `presentationPython.vrb'.

 (./presentationPython.vrb) [33

]
\openout4 = `presentationPython.vrb'.


(./presentationPython.vrb) [34

]
\openout4 = `presentationPython.vrb'.

 (./presentationPython.vrb) [35

]
\openout4 = `presentationPython.vrb'.


(./presentationPython.vrb) [36

]
\openout4 = `presentationPython.vrb'.

 (./presentationPython.vrb) [37

]
\openout4 = `presentationPython.vrb'.


(./presentationPython.vrb) [38

]
\openout4 = `presentationPython.vrb'.

 (./presentationPython.vrb
(/usr/local/texlive/2012/texmf-dist/tex/latex/cjk/texinput/UTF8/UTF8.bdg
File: UTF8.bdg 2012/05/07 4.8.3
)
(/usr/local/texlive/2012/texmf-dist/tex/latex/cjk/texinput/UTF8/UTF8.enc
File: UTF8.enc 2012/05/07 4.8.3
)
(/usr/local/texlive/2012/texmf-dist/tex/latex/cjk/texinput/UTF8/UTF8.chr
File: UTF8.chr 2012/05/07 4.8.3
)
LaTeX Font Info:    Try loading font information for C70+gbsn on input line 24.


(/usr/local/texlive/2012/texmf-dist/tex/latex/cjk/texinput/UTF8/c70gbsn.fd
File: c70gbsn.fd 2012/05/07 4.8.3
)
(/usr/local/texlive/2012/texmf-dist/tex/latex/cjk/texinput/UTF8/c70gbsn.fdx
File: c70gbsn.fdx 2012/05/07 4.8.3
))
[39

]
\openout4 = `presentationPython.vrb'.

 (./presentationPython.vrb) [40

]
\openout4 = `presentationPython.vrb'.

 (./presentationPython.vrb) [41

]
\openout4 = `presentationPython.vrb'.


(./presentationPython.vrb) [42

]
\openout4 = `presentationPython.vrb'.

 (./presentationPython.vrb) [43

]
\openout4 = `presentationPython.vrb'.


(./presentationPython.vrb) [44

]
\openout4 = `presentationPython.vrb'.

 (./presentationPython.vrb) [45

]
\openout4 = `presentationPython.vrb'.


(./presentationPython.vrb) [46

]
\openout4 = `presentationPython.vrb'.

 (./presentationPython.vrb) [47

]
\openout4 = `presentationPython.vrb'.


(./presentationPython.vrb) [48

]
\openout4 = `presentationPython.vrb'.

 (./presentationPython.vrb) [49

] [50

] [51

]
[52

] [53

]
\openout4 = `presentationPython.vrb'.

 (./presentationPython.vrb) [54

]
\openout4 = `presentationPython.vrb'.

 (./presentationPython.vrb) [55

]
\openout4 = `presentationPython.vrb'.


(./presentationPython.vrb) [56

]
\openout4 = `presentationPython.vrb'.

 (./presentationPython.vrb) [57

]
\openout4 = `presentationPython.vrb'.


(./presentationPython.vrb) [58

]
\openout4 = `presentationPython.vrb'.

 (./presentationPython.vrb) [59

]
\openout4 = `presentationPython.vrb'.


(./presentationPython.vrb
Overfull \hbox (13.26395pt too wide) in paragraph at lines 5--7
[][][][][][][][][][][][][][][][][][][][][] 
 []

) [60

]
\openout4 = `presentationPython.vrb'.

 (./presentationPython.vrb) [61

]
\openout4 = `presentationPython.vrb'.

 (./presentationPython.vrb) [62

]
\openout4 = `presentationPython.vrb'.


(./presentationPython.vrb) [63

]
\openout4 = `presentationPython.vrb'.

 (./presentationPython.vrb) [64

]
\openout4 = `presentationPython.vrb'.


(./presentationPython.vrb) [65

]
\openout4 = `presentationPython.vrb'.

 (./presentationPython.vrb) [66

]
\openout4 = `presentationPython.vrb'.


(./presentationPython.vrb) [67

]
\openout4 = `presentationPython.vrb'.

 (./presentationPython.vrb) [68

]
\openout4 = `presentationPython.vrb'.


(./presentationPython.vrb) [69

]
\openout4 = `presentationPython.vrb'.

 (./presentationPython.vrb) [70

]
\openout4 = `presentationPython.vrb'.


(./presentationPython.vrb) [71

]
\openout4 = `presentationPython.vrb'.

 (./presentationPython.vrb) [72

]
\openout4 = `presentationPython.vrb'.


(./presentationPython.vrb) [73

]
\openout4 = `presentationPython.vrb'.

 (./presentationPython.vrb) [74

]
\openout4 = `presentationPython.vrb'.


(./presentationPython.vrb) [75

]
\openout4 = `presentationPython.vrb'.

 (./presentationPython.vrb) [76

]
\openout4 = `presentationPython.vrb'.


(./presentationPython.vrb) [77

]
\openout4 = `presentationPython.vrb'.

 (./presentationPython.vrb) [78

]
\openout4 = `presentationPython.vrb'.


(./presentationPython.vrb) [79

]
\openout4 = `presentationPython.vrb'.

 (./presentationPython.vrb) [80

]
\openout4 = `presentationPython.vrb'.


(./presentationPython.vrb) [81

]
\openout4 = `presentationPython.vrb'.

 (./presentationPython.vrb) [82

]
\openout4 = `presentationPython.vrb'.


(./presentationPython.vrb <./fig/packet.pdf, id=2492, 313.17pt x 398.48875pt>
File: ./fig/packet.pdf Graphic file (type pdf)

<use ./fig/packet.pdf>
Package pdftex.def Info: ./fig/packet.pdf used on input line 16.
(pdftex.def)             Requested size: 85.35826pt x 108.60883pt.
) [83

 <./fig/packet.pdf>]
\openout4 = `presentationPython.vrb'.

 (./presentationPython.vrb
<./fig/scope.pdf, id=2526, 284.06125pt x 739.76375pt>
File: ./fig/scope.pdf Graphic file (type pdf)
 <use ./fig/scope.pdf>
Package pdftex.def Info: ./fig/scope.pdf used on input line 3.
(pdftex.def)             Requested size: 85.35826pt x 222.29204pt.
)
[84

 <./fig/scope.pdf>] [85

]
\openout4 = `presentationPython.vrb'.

 (./presentationPython.vrb) [86

]
\openout4 = `presentationPython.vrb'.


(./presentationPython.vrb
<./fig/Tkinter.png, id=2618, 225.84375pt x 98.3675pt>
File: ./fig/Tkinter.png Graphic file (type png)
 <use ./fig/Tkinter.png>
Package pdftex.def Info: ./fig/Tkinter.png used on input line 20.
(pdftex.def)             Requested size: 142.26378pt x 61.96733pt.
)
[87

 <./fig/Tkinter.png>]
\openout4 = `presentationPython.vrb'.

 (./presentationPython.vrb
<./fig/turtle.png, id=2647, 963.6pt x 925.4575pt>
File: ./fig/turtle.png Graphic file (type png)
 <use ./fig/turtle.png>
Package pdftex.def Info: ./fig/turtle.png used on input line 17.
(pdftex.def)             Requested size: 142.26378pt x 136.62383pt.
)
Overfull \vbox (2.75198pt too high) detected at line 1620
 []

[88

 <./fig/turtle.png>]
\openout4 = `presentationPython.vrb'.

 (./presentationPython.vrb) [89

]
\openout4 = `presentationPython.vrb'.


(./presentationPython.vrb) [90

]
\openout4 = `presentationPython.vrb'.

 (./presentationPython.vrb) [91

]
\openout4 = `presentationPython.vrb'.


(./presentationPython.vrb) [92

]
Overfull \hbox (30.44817pt too wide) in paragraph at lines 1757--1757
\T1/cmss/m/n/10.95 help(nomDuModule)  
 []

<./fig/help.png, id=2788, 652.4375pt x 643.40375pt>
File: ./fig/help.png Graphic file (type png)
 <use ./fig/help.png>
Package pdftex.def Info: ./fig/help.png used on input line 1757.
(pdftex.def)             Requested size: 170.71652pt x 168.35114pt.

[93

 <./fig/help.png>] <./fig/pydoc.png, id=2816, 657.45625pt x 712.6625pt>
File: ./fig/pydoc.png Graphic file (type png)

<use ./fig/pydoc.png>
Package pdftex.def Info: ./fig/pydoc.png used on input line 1775.
(pdftex.def)             Requested size: 170.71652pt x 185.04865pt.
 [94

 <./fig/pydoc.png>]
\openout4 = `presentationPython.vrb'.

 (./presentationPython.vrb)
[95

]
\openout4 = `presentationPython.vrb'.

 (./presentationPython.vrb
LaTeX Font Info:    Font shape `T1/cmtt/bx/n' in size <6> not available
(Font)              Font shape `T1/cmtt/m/n' tried instead on input line 22.
) [96

]
\openout4 = `presentationPython.vrb'.

 (./presentationPython.vrb) [97

]
<./fig/PyPI.png, id=2928, 1087.06125pt x 759.83875pt>
File: ./fig/PyPI.png Graphic file (type png)
 <use ./fig/PyPI.png>
Package pdftex.def Info: ./fig/PyPI.png used on input line 1853.
(pdftex.def)             Requested size: 199.16928pt x 139.21144pt.

[98

 <./fig/PyPI.png>] [99

])
\openout2 = `sec_scientific.aux'.

 (./sec_scientific.tex (./presentationPython.toc)
[100



]
\openout4 = `presentationPython.vrb'.

 (./presentationPython.vrb) [101

]
\openout4 = `presentationPython.vrb'.

 (./presentationPython.vrb
<./fig/scipy.png, id=3044, 1016.79875pt x 714.67pt>
File: ./fig/scipy.png Graphic file (type png)
 <use ./fig/scipy.png>
Package pdftex.def Info: ./fig/scipy.png used on input line 7.
(pdftex.def)             Requested size: 284.52756pt x 199.98627pt.
)
[102

 <./fig/scipy.png>]
\openout4 = `presentationPython.vrb'.

 (./presentationPython.vrb
<./fig/numpy-logo.png, id=3073, 180.675pt x 61.22874pt>
File: ./fig/numpy-logo.png Graphic file (type png)

<use ./fig/numpy-logo.png>
Package pdftex.def Info: ./fig/numpy-logo.png used on input line 3.
(pdftex.def)             Requested size: 41.97893pt x 14.22636pt.
) [103

 <./fig/numpy-logo.png>]
\openout4 = `presentationPython.vrb'.


(./presentationPython.vrb) [104

]
\openout4 = `presentationPython.vrb'.

 (./presentationPython.vrb) [105

]
\openout4 = `presentationPython.vrb'.


(./presentationPython.vrb) [106

]
\openout4 = `presentationPython.vrb'.

 (./presentationPython.vrb) [107

]
\openout4 = `presentationPython.vrb'.


(./presentationPython.vrb) [108

]
\openout4 = `presentationPython.vrb'.

 (./presentationPython.vrb) [109

]
\openout4 = `presentationPython.vrb'.


(./presentationPython.vrb) [110

]
\openout4 = `presentationPython.vrb'.

 (./presentationPython.vrb) [111

]
\openout4 = `presentationPython.vrb'.


(./presentationPython.vrb) [112

]
\openout4 = `presentationPython.vrb'.

 (./presentationPython.vrb) [113

]
\openout4 = `presentationPython.vrb'.


(./presentationPython.vrb
Underfull \hbox (badness 10000) in paragraph at lines 18--19
[][][][][][][][][][][][][][][][][][][][][][][][][][][][][]
 []


Underfull \hbox (badness 10000) in paragraph at lines 18--19
[][][][][][][][][][][][][][][][][][][][][][][][][][][][]
 []


Underfull \hbox (badness 10000) in paragraph at lines 19--20
[][][][][][][][][][][][][][][][][][][][][][][][][][][][][][]
 []

) [114

]
\openout4 = `presentationPython.vrb'.

 (./presentationPython.vrb) [115

]
\openout4 = `presentationPython.vrb'.

 (./presentationPython.vrb) [116

]
\openout4 = `presentationPython.vrb'.


(./presentationPython.vrb) [117

]
\openout4 = `presentationPython.vrb'.

 (./presentationPython.vrb) [118

]
\openout4 = `presentationPython.vrb'.


(./presentationPython.vrb) [119

]
\openout4 = `presentationPython.vrb'.

 (./presentationPython.vrb) [120

]
\openout4 = `presentationPython.vrb'.


(./presentationPython.vrb) [121

]
\openout4 = `presentationPython.vrb'.

 (./presentationPython.vrb) [122

]
\openout4 = `presentationPython.vrb'.


(./presentationPython.vrb) [123

]
\openout4 = `presentationPython.vrb'.

 (./presentationPython.vrb) [124

]
\openout4 = `presentationPython.vrb'.


(./presentationPython.vrb) [125

]
\openout4 = `presentationPython.vrb'.

 (./presentationPython.vrb) [126

]
\openout4 = `presentationPython.vrb'.


(./presentationPython.vrb) [127

]
\openout4 = `presentationPython.vrb'.

 (./presentationPython.vrb
<./fig/scipylib-logo.png, id=3766, 64.24pt x 64.24pt>
File: ./fig/scipylib-logo.png Graphic file (type png)

<use ./fig/scipylib-logo.png>
Package pdftex.def Info: ./fig/scipylib-logo.png used on input line 4.
(pdftex.def)             Requested size: 14.22595pt x 14.22636pt.
) [128

 <./fig/scipylib-logo.png>]
\openout4 = `presentationPython.vrb'.


(./presentationPython.vrb) [129

]
\openout4 = `presentationPython.vrb'.

 (./presentationPython.vrb) [130

]
\openout4 = `presentationPython.vrb'.


(./presentationPython.vrb
<./fig/matplotlib-logo.png, id=3853, 433.62pt x 79.497pt>
File: ./fig/matplotlib-logo.png Graphic file (type png)

<use ./fig/matplotlib-logo.png>
Package pdftex.def Info: ./fig/matplotlib-logo.png used on input line 4.
(pdftex.def)             Requested size: 77.5983pt x 14.22636pt.
) [131

 <./fig/matplotlib-logo.png>]
\openout4 = `presentationPython.vrb'.


(./presentationPython.vrb
<./fig/matplotlibSinus.pdf, id=3885, 578.16pt x 433.62pt>
File: ./fig/matplotlibSinus.pdf Graphic file (type pdf)

<use ./fig/matplotlibSinus.pdf>
Package pdftex.def Info: ./fig/matplotlibSinus.pdf used on input line 16.
(pdftex.def)             Requested size: 170.71652pt x 128.03589pt.
) [132

 <./fig/matplotlibSinus.pdf>]
\openout4 = `presentationPython.vrb'.


(./presentationPython.vrb) [133

]
\openout4 = `presentationPython.vrb'.

 (./presentationPython.vrb
<./fig/specgram.png, id=3972, 578.16pt x 433.62pt>
File: ./fig/specgram.png Graphic file (type png)
 <use ./fig/specgram.png>
Package pdftex.def Info: ./fig/specgram.png used on input line 27.
(pdftex.def)             Requested size: 142.26378pt x 106.69768pt.
)
[134

 <./fig/specgram.png>]
\openout4 = `presentationPython.vrb'.

 (./presentationPython.vrb
Overfull \hbox (6.87599pt too wide) in paragraph at lines 5--6
[][][][][][][][][][][][][][][][][][][][][] 
 []

<fig/fractal.png, id=4002, 578.16pt x 433.62pt>
File: fig/fractal.png Graphic file (type png)
 <use fig/fractal.png>
Package pdftex.def Info: fig/fractal.png used on input line 17.
(pdftex.def)             Requested size: 142.26378pt x 106.69768pt.
) [135

 <./fig/fractal.png>] <fig/BrownSphere.png, id=4030, 123.3408pt x 92.9874pt>
File: fig/BrownSphere.png Graphic file (type png)

<use fig/BrownSphere.png>
Package pdftex.def Info: fig/BrownSphere.png used on input line 958.
(pdftex.def)             Requested size: 184.9599pt x 156.49443pt.

Overfull \hbox (62.04584pt too wide) in paragraph at lines 958--958
 [] 
 []

<fig/Distrib.png, id=4031, 578.16pt x 433.62pt>
File: fig/Distrib.png Graphic file (type png)
 <use fig/Distrib.png>
Package pdftex.def Info: fig/Distrib.png used on input line 958.
(pdftex.def)             Requested size: 156.48462pt x 128.03589pt.

Overfull \hbox (33.57056pt too wide) in paragraph at lines 958--958
[][] 
 []

[136

 <./fig/BrownSphere.png> <./fig/Distrib.png>]
\openout4 = `presentationPython.vrb'.

 (./presentationPython.vrb
<./fig/ipython-logo.png, id=4060, 736.87059pt x 94.94295pt>
File: ./fig/ipython-logo.png Graphic file (type png)

<use ./fig/ipython-logo.png>
Package pdftex.def Info: ./fig/ipython-logo.png used on input line 4.
(pdftex.def)             Requested size: 110.41338pt x 14.22636pt.
) [137

 <./fig/ipython-logo.png>]
\openout4 = `presentationPython.vrb'.


(./presentationPython.vrb
<./fig/ipython_notebook_server.png, id=4093, 995.72pt x 857.2025pt>
File: ./fig/ipython_notebook_server.png Graphic file (type png)

<use ./fig/ipython_notebook_server.png>
Package pdftex.def Info: ./fig/ipython_notebook_server.png used on input line 8
.
(pdftex.def)             Requested size: 227.62204pt x 195.94908pt.
)
Overfull \vbox (7.41412pt too high) detected at line 1013
 []

[138

 <./fig/ipython_notebook_server.png>]
\openout4 = `presentationPython.vrb'.

 (./presentationPython.vrb
<./fig/ipython_notebook_p1.png, id=4123, 995.72pt x 857.2025pt>
File: ./fig/ipython_notebook_p1.png Graphic file (type png)

<use ./fig/ipython_notebook_p1.png>
Package pdftex.def Info: ./fig/ipython_notebook_p1.png used on input line 8.
(pdftex.def)             Requested size: 227.62204pt x 195.94908pt.
)
Overfull \vbox (20.40587pt too high) detected at line 1026
 []

[139

 <./fig/ipython_notebook_p1.png>]
\openout4 = `presentationPython.vrb'.

 (./presentationPython.vrb
<./fig/ipython_notebook_p2.png, id=4152, 995.72pt x 857.2025pt>
File: ./fig/ipython_notebook_p2.png Graphic file (type png)

<use ./fig/ipython_notebook_p2.png>
Package pdftex.def Info: ./fig/ipython_notebook_p2.png used on input line 7.
(pdftex.def)             Requested size: 227.62204pt x 195.94908pt.
) [140

 <./fig/ipython_notebook_p2.png>]
<./fig/Mayavi_site.png, id=4183, 850.17625pt x 584.1825pt>
File: ./fig/Mayavi_site.png Graphic file (type png)

<use ./fig/Mayavi_site.png>
Package pdftex.def Info: ./fig/Mayavi_site.png used on input line 1055.
(pdftex.def)             Requested size: 227.62204pt x 156.4032pt.
 [141

 <./fig/Mayavi_site.png>]
<./fig/Mayavi.png, id=4214, 930.47626pt x 817.0525pt>
File: ./fig/Mayavi.png Graphic file (type png)
 <use ./fig/Mayavi.png>
Package pdftex.def Info: ./fig/Mayavi.png used on input line 1062.
(pdftex.def)             Requested size: 227.62204pt x 199.87416pt.

[142

 <./fig/Mayavi.png>]
\openout4 = `presentationPython.vrb'.

 (./presentationPython.vrb) [143

]
\openout4 = `presentationPython.vrb'.


(./presentationPython.vrb
<./fig/scikit-learn.png, id=4270, 1101.11375pt x 790.955pt>
File: ./fig/scikit-learn.png Graphic file (type png)

<use ./fig/scikit-learn.png>
Package pdftex.def Info: ./fig/scikit-learn.png used on input line 7.
(pdftex.def)             Requested size: 227.62204pt x 163.49855pt.
) [144

 <./fig/scikit-learn.png>]
\openout4 = `presentationPython.vrb'.


(./presentationPython.vrb)
Overfull \vbox (0.12816pt too high) detected at line 1138
 []

[145

]
\openout4 = `presentationPython.vrb'.

 (./presentationPython.vrb)
Overfull \vbox (0.12816pt too high) detected at line 1178
 []

[146

]
\openout4 = `presentationPython.vrb'.

 (./presentationPython.vrb
<./fig/sklearn_lda.png, id=4355, 578.16pt x 433.62pt>
File: ./fig/sklearn_lda.png Graphic file (type png)

<use ./fig/sklearn_lda.png>
Package pdftex.def Info: ./fig/sklearn_lda.png used on input line 22.
(pdftex.def)             Requested size: 113.81102pt x 85.35284pt.
) [147

 <./fig/sklearn_lda.png>]
\openout4 = `presentationPython.vrb'.


(./presentationPython.vrb) [148

])
\openout2 = `sec_environment.aux'.

 (./sec_environment.tex
(./presentationPython.toc) [149



]
<./fig/interpreter.png, id=4444, 580.1675pt x 285.065pt>
File: ./fig/interpreter.png Graphic file (type png)

<use ./fig/interpreter.png>
Package pdftex.def Info: ./fig/interpreter.png used on input line 19.
(pdftex.def)             Requested size: 199.16928pt x 97.86035pt.
 [150

 <./fig/interpreter.png>]
<./fig/Idle.png, id=4474, 800.9925pt x 523.9575pt>
File: ./fig/Idle.png Graphic file (type png)
 <use ./fig/Idle.png>
Package pdftex.def Info: ./fig/Idle.png used on input line 36.
(pdftex.def)             Requested size: 227.62204pt x 148.88971pt.

[151

 <./fig/Idle.png>]
<./fig/IPy_header.png, id=4504, 736.87059pt x 94.94295pt>
File: ./fig/IPy_header.png Graphic file (type png)

<use ./fig/IPy_header.png>
Package pdftex.def Info: ./fig/IPy_header.png used on input line 52.
(pdftex.def)             Requested size: 110.41338pt x 14.22636pt.
 <./fig/IPython.png, id=4506, 644.4075pt x 489.83pt>
File: ./fig/IPython.png Graphic file (type png)

<use ./fig/IPython.png>
Package pdftex.def Info: ./fig/IPython.png used on input line 52.
(pdftex.def)             Requested size: 199.16928pt x 151.3898pt.

Overfull \vbox (8.17296pt too high) detected at line 52
 []

[152

 <./fig/IPy_header.png> <./fig/IPython.png>]
<./fig/IPythonQTConsole.png, id=4538, 1261.71375pt x 575.14874pt>
File: ./fig/IPythonQTConsole.png Graphic file (type png)

<use ./fig/IPythonQTConsole.png>
Package pdftex.def Info: ./fig/IPythonQTConsole.png used on input line 65.
(pdftex.def)             Requested size: 256.0748pt x 116.73026pt.
 [153

 <./fig/IPythonQTConsole.png>]
<./fig/IPythonNotebook.png, id=4567, 1397.22pt x 879.285pt>
File: ./fig/IPythonNotebook.png Graphic file (type png)

<use ./fig/IPythonNotebook.png>
Package pdftex.def Info: ./fig/IPythonNotebook.png used on input line 78.
(pdftex.def)             Requested size: 270.30118pt x 170.09808pt.
 [154

 <./fig/IPythonNotebook.png>]
File: ./fig/IPythonNotebook.png Graphic file (type png)

<use ./fig/IPythonNotebook.png>
Package pdftex.def Info: ./fig/IPythonNotebook.png used on input line 91.
(pdftex.def)             Requested size: 270.30118pt x 170.09808pt.
 [155

]
<./fig/IPythonNotebookInline.png, id=4623, 860.21375pt x 463.7325pt>
File: ./fig/IPythonNotebookInline.png Graphic file (type png)

<use ./fig/IPythonNotebookInline.png>
Package pdftex.def Info: ./fig/IPythonNotebookInline.png used on input line 105
.
(pdftex.def)             Requested size: 170.71652pt x 92.03017pt.

Overfull \vbox (1.58699pt too high) detected at line 105
 []

[156

 <./fig/IPythonNotebookInline.png>]
<./fig/enthought-logo.png, id=4651, 216.81pt x 32.12pt>
File: ./fig/enthought-logo.png Graphic file (type png)

<use ./fig/enthought-logo.png>
Package pdftex.def Info: ./fig/enthought-logo.png used on input line 119.
(pdftex.def)             Requested size: 96.02856pt x 14.22636pt.
 [157

 <./fig/enthought-logo.png>]
<./fig/enthought-canopy.jpg, id=4683, 1164.35pt x 819.06pt>
File: ./fig/enthought-canopy.jpg Graphic file (type jpg)

<use ./fig/enthought-canopy.jpg>
Package pdftex.def Info: ./fig/enthought-canopy.jpg used on input line 127.
(pdftex.def)             Requested size: 284.52756pt x 200.14029pt.
 [158

 <./fig/enthought-canopy.jpg>]
<./fig/PythonXYLogo.png, id=4710, 48.18pt x 48.18pt>
File: ./fig/PythonXYLogo.png Graphic file (type png)

<use ./fig/PythonXYLogo.png>
Package pdftex.def Info: ./fig/PythonXYLogo.png used on input line 144.
(pdftex.def)             Requested size: 14.2262pt x 14.22636pt.

<./fig/pythonxy_home.png, id=4712, 808.01875pt x 438.63875pt>
File: ./fig/pythonxy_home.png Graphic file (type png)

<use ./fig/pythonxy_home.png>
Package pdftex.def Info: ./fig/pythonxy_home.png used on input line 144.
(pdftex.def)             Requested size: 199.16928pt x 108.12pt.

Overfull \vbox (7.91144pt too high) detected at line 144
 []

[159

 <./fig/PythonXYLogo.png> <./fig/pythonxy_home.png>]
<./fig/Spyder.png, id=4744, 927.465pt x 640.3925pt>
File: ./fig/Spyder.png Graphic file (type png)
 <use ./fig/Spyder.png>
Package pdftex.def Info: ./fig/Spyder.png used on input line 156.
(pdftex.def)             Requested size: 227.62204pt x 157.16624pt.

[160

 <./fig/Spyder.png>]
<./fig/continuum_analytics_logo.png, id=4771, 718.685pt x 347.2975pt>
File: ./fig/continuum_analytics_logo.png Graphic file (type png)

<use ./fig/continuum_analytics_logo.png>
Package pdftex.def Info: ./fig/continuum_analytics_logo.png used on input line 
171.
(pdftex.def)             Requested size: 29.43336pt x 14.22636pt.

<./fig/anaconda_logo_web.png, id=4773, 256.96pt x 179.67125pt>
File: ./fig/anaconda_logo_web.png Graphic file (type png)

<use ./fig/anaconda_logo_web.png>
Package pdftex.def Info: ./fig/anaconda_logo_web.png used on input line 171.
(pdftex.def)             Requested size: 20.34549pt x 14.22636pt.

<./fig/anaconda_launcher.png, id=4774, 728.7225pt x 508.14844pt>
File: ./fig/anaconda_launcher.png Graphic file (type png)

<use ./fig/anaconda_launcher.png>
Package pdftex.def Info: ./fig/anaconda_launcher.png used on input line 171.
(pdftex.def)             Requested size: 227.62204pt x 158.71844pt.
 [161

 <./fig/continuum_analytics_logo.png> <./fig/anaconda_logo_web.png> <./fig/anac
onda_launcher.png (PNG copy)>]
<./fig/sage_logo.png, id=4804, 489.83pt x 130.4875pt>
File: ./fig/sage_logo.png Graphic file (type png)

<use ./fig/sage_logo.png>
Package pdftex.def Info: ./fig/sage_logo.png used on input line 182.
(pdftex.def)             Requested size: 53.4031pt x 14.22636pt.

<./fig/SageMath_home.png, id=4806, 1284.8pt x 831.105pt>
File: ./fig/SageMath_home.png Graphic file (type png)

<use ./fig/SageMath_home.png>
Package pdftex.def Info: ./fig/SageMath_home.png used on input line 182.
(pdftex.def)             Requested size: 256.0748pt x 165.64737pt.
 [162

 <./fig/sage_logo.png> <./fig/SageMath_home.png>] <./fig/jEdit.png, id=4836, 12
62.7175pt x 777.90625pt>
File: ./fig/jEdit.png Graphic file (type png)

<use ./fig/jEdit.png>
Package pdftex.def Info: ./fig/jEdit.png used on input line 194.
(pdftex.def)             Requested size: 256.0748pt x 157.75067pt.
 [163

 <./fig/jEdit.png>])
\openout2 = `sec_conclusion.aux'.

 (./sec_conclusion.tex
(./presentationPython.toc) [164



]
<./fig/matlabLicenseManagerError4.png, id=4897, 421.575pt x 395.4775pt>
File: ./fig/matlabLicenseManagerError4.png Graphic file (type png)

<use ./fig/matlabLicenseManagerError4.png>
Package pdftex.def Info: ./fig/matlabLicenseManagerError4.png used on input lin
e 23.
(pdftex.def)             Requested size: 113.81102pt x 106.76224pt.
 [165

 <./fig/matlabLicenseManagerError4.png>]) [166


]

Package hyperref Warning: Token not allowed in a PDF string (PDFDocEncoding):
(hyperref)                removing `\translate ' on input line 44.

\openout2 = `sec_appendix.aux'.

(./sec_appendix.tex (./presentationPython.toc) [167


]
\openout4 = `presentationPython.vrb'.

 (./presentationPython.vrb) [168

]
\openout4 = `presentationPython.vrb'.

 (./presentationPython.vrb) [169

]
\openout4 = `presentationPython.vrb'.

 (./presentationPython.vrb) [170

]
\openout4 = `presentationPython.vrb'.


(./presentationPython.vrb) [171

])
\tf@nav=\write6
\openout6 = `presentationPython.nav'.

\tf@toc=\write7
\openout7 = `presentationPython.toc'.

\tf@snm=\write8
\openout8 = `presentationPython.snm'.

Package atveryend Info: Empty hook `BeforeClearDocument' on input line 46.
Package atveryend Info: Empty hook `AfterLastShipout' on input line 46.
 (./presentationPython.aux
(./sec_introduction.aux) (./sec_language.aux) (./sec_scientific.aux)
(./sec_environment.aux) (./sec_conclusion.aux) (./sec_appendix.aux))
Package atveryend Info: Executing hook `AtVeryEndDocument' on input line 46.
Package atveryend Info: Executing hook `AtEndAfterFileList' on input line 46.
Package rerunfilecheck Info: File `presentationPython.out' has not changed.
(rerunfilecheck)             Checksum: 388147E2621B482A5A685E5A5CC91E99;2211.


LaTeX Font Warning: Size substitutions with differences
(Font)              up to 1.0pt have occurred.

Package atveryend Info: Empty hook `AtVeryVeryEnd' on input line 46.
 ) 
Here is how much of TeX's memory you used:
 21003 strings out of 493488
 361453 string characters out of 3141327
 550697 words of memory out of 3000000
 23053 multiletter control sequences out of 15000+200000
 24042 words of font info for 65 fonts, out of 3000000 for 9000
 957 hyphenation exceptions out of 8191
 49i,14n,64p,427b,1305s stack positions out of 5000i,500n,10000p,200000b,50000s
{/usr/local/texlive/2012/texmf-dist/fonts/enc/dvips/cm-super/cm-super-t1.enc}
</usr/local/texlive/2012/texmf-dist/fonts/type1/public/amsfonts/cm/cmmi10.pfb><
/usr/local/texlive/2012/texmf-dist/fonts/type1/public/amsfonts/cm/cmss10.pfb></
usr/local/texlive/2012/texmf-dist/fonts/type1/public/amsfonts/cm/cmssi10.pfb></
usr/local/texlive/2012/texmf-dist/fonts/type1/public/amsfonts/cm/cmsy10.pfb></u
sr/local/texlive/2012/texmf-dist/fonts/type1/arphic/gbsnu/gbsnu4f.pfb></usr/loc
al/texlive/2012/texmf-dist/fonts/type1/arphic/gbsnu/gbsnu59.pfb></usr/local/tex
live/2012/texmf-dist/fonts/type1/public/amsfonts/symbols/msam10.pfb></usr/local
/texlive/2012/texmf-dist/fonts/type1/public/amsfonts/symbols/msam7.pfb></usr/lo
cal/texlive/2012/texmf-dist/fonts/type1/public/cm-super/sfsi0800.pfb></usr/loca
l/texlive/2012/texmf-dist/fonts/type1/public/cm-super/sfsi0900.pfb></usr/local/
texlive/2012/texmf-dist/fonts/type1/public/cm-super/sfsi1000.pfb></usr/local/te
xlive/2012/texmf-dist/fonts/type1/public/cm-super/sfsi1095.pfb></usr/local/texl
ive/2012/texmf-dist/fonts/type1/public/cm-super/sfss0600.pfb></usr/local/texliv
e/2012/texmf-dist/fonts/type1/public/cm-super/sfss0900.pfb></usr/local/texlive/
2012/texmf-dist/fonts/type1/public/cm-super/sfss1000.pfb></usr/local/texlive/20
12/texmf-dist/fonts/type1/public/cm-super/sfss1095.pfb></usr/local/texlive/2012
/texmf-dist/fonts/type1/public/cm-super/sfss1440.pfb></usr/local/texlive/2012/t
exmf-dist/fonts/type1/public/cm-super/sfsx1095.pfb></usr/local/texlive/2012/tex
mf-dist/fonts/type1/public/cm-super/sftt0800.pfb></usr/local/texlive/2012/texmf
-dist/fonts/type1/public/cm-super/sftt0900.pfb></usr/local/texlive/2012/texmf-d
ist/fonts/type1/public/cm-super/sftt1095.pfb>
Output written on presentationPython.pdf (171 pages, 5672482 bytes).
PDF statistics:
 5243 PDF objects out of 6186 (max. 8388607)
 4866 compressed objects within 49 object streams
 390 named destinations out of 1000 (max. 500000)
 616 words of extra memory for PDF output out of 10000 (max. 10000000)

